global phase: 1.2564
      ┌─────────────────────┐     ┌────────────────────┐┌───┐              »
 q_0: ┤ U3(1.8366,-π/2,π/2) ├──■──┤ U3(1.305,-π/2,π/2) ├┤ X ├──────────────»
      ├─────────────────────┤┌─┴─┐└────┬─────────┬─────┘└─┬─┘┌────────────┐»
 q_1: ┤ U3(0.26579,π/2,π/2) ├┤ X ├─────┤ U2(0,0) ├────────■──┤ U2(π,-π/2) ├»
      ├─────────────────────┤└───┘     └─────────┘           └────────────┘»
 q_2: ┤ U3(0.26579,π/2,π/2) ├──────────────────────────────────────────────»
      ├─────────────────────┤                                              »
 q_3: ┤ U3(0.26579,π/2,π/2) ├──────────────────────────────────────────────»
      ├─────────────────────┤                                              »
 q_4: ┤ U3(0.26579,π/2,π/2) ├──────────────────────────────────────────────»
      ├─────────────────────┤                                              »
 q_5: ┤ U3(0.26579,π/2,π/2) ├──────────────────────────────────────────────»
      └─────────────────────┘                                              »
mm: 6/═════════════════════════════════════════════════════════════════════»
                                                                           »
«           ┌──────────────┐     ┌────────────────────┐┌───┐                   »
« q_0: ──■──┤ U2(π/2,3π/2) ├──■──┤ U3(1.305,-π/2,π/2) ├┤ X ├────────────────■──»
«      ┌─┴─┐├─────────────┬┘  │  └────────────────────┘└─┬─┘                │  »
« q_1: ┤ X ├┤ U2(π/2,π/2) ├───┼──────────────────────────┼──────────────────┼──»
«      └───┘└─────────────┘ ┌─┴─┐     ┌─────────┐        │  ┌────────────┐┌─┴─┐»
« q_2: ─────────────────────┤ X ├─────┤ U2(0,0) ├────────■──┤ U2(π,-π/2) ├┤ X ├»
«                           └───┘     └─────────┘           └────────────┘└───┘»
« q_3: ────────────────────────────────────────────────────────────────────────»
«                                                                              »
« q_4: ────────────────────────────────────────────────────────────────────────»
«                                                                              »
« q_5: ────────────────────────────────────────────────────────────────────────»
«                                                                              »
«mm: 6/════════════════════════════════════════════════════════════════════════»
«                                                                              »
«      ┌──────────────┐          ┌────────────────────┐     ┌───┐              »
« q_0: ┤ U2(π/2,3π/2) ├───────■──┤ U3(1.305,-π/2,π/2) ├─────┤ X ├──────────────»
«      └──────────────┘       │  ├────────────────────┤┌───┐└─┬─┘              »
« q_1: ──────────────────■────┼──┤ U3(1.305,-π/2,π/2) ├┤ X ├──┼────────────────»
«       ┌───────────┐  ┌─┴─┐  │  └────┬─────────┬─────┘└─┬─┘  │  ┌────────────┐»
« q_2: ─┤ U3(π,π,0) ├──┤ X ├──┼───────┤ U2(0,0) ├────────■────┼──┤ U2(π,-π/2) ├»
«       └───────────┘  └───┘  │       └─────────┘             │  └────────────┘»
« q_3: ───────────────────────┼───────────────────────────────┼────────────────»
«                             │                               │                »
« q_4: ───────────────────────┼───────────────────────────────┼────────────────»
«                           ┌─┴─┐     ┌─────────┐             │  ┌────────────┐»
« q_5: ─────────────────────┤ X ├─────┤ U2(0,0) ├─────────────■──┤ U2(π,-π/2) ├»
«                           └───┘     └─────────┘                └────────────┘»
«mm: 6/════════════════════════════════════════════════════════════════════════»
«                                                                              »
«                ┌───────────────────────────┐                           »
« q_0: ───────■──┤ U3(1.5247,-1.8138,3.5813) ├───────────────────────────»
«             │  └──────┬──────────────┬─────┘     ┌────────────────────┐»
« q_1: ──■────┼─────────┤ U2(π/2,3π/2) ├────────■──┤ U3(1.305,-π/2,π/2) ├»
«      ┌─┴─┐  │         ├─────────────┬┘        │  └────────────────────┘»
« q_2: ┤ X ├──┼─────────┤ U2(π/2,π/2) ├─────────┼────────────■───────────»
«      └───┘  │         └─────────────┘       ┌─┴─┐          │           »
« q_3: ───────┼───────────────────────────────┤ X ├──────────┼───────────»
«             │                               └───┘        ┌─┴─┐         »
« q_4: ───────┼────────────────────────────────────────────┤ X ├─────────»
«           ┌─┴─┐        ┌───────────┐                     └───┘         »
« q_5: ─────┤ X ├────────┤ U3(π,π,0) ├───────────────────────────────────»
«           └───┘        └───────────┘                                   »
«mm: 6/══════════════════════════════════════════════════════════════════»
«                                                                        »
«                                                         »
« q_0: ───────────────────────────────────────────────────»
«                            ┌───┐                        »
« q_1: ──────────────────────┤ X ├─────────────────────■──»
«      ┌────────────────────┐└─┬─┘┌───┐                │  »
« q_2: ┤ U3(1.305,-π/2,π/2) ├──┼──┤ X ├────────────────┼──»
«      └────┬─────────┬─────┘  │  └─┬─┘┌────────────┐┌─┴─┐»
« q_3: ─────┤ U2(0,0) ├────────■────┼──┤ U2(π,-π/2) ├┤ X ├»
«           ├─────────┤             │  ├────────────┤└───┘»
« q_4: ─────┤ U2(0,0) ├─────────────■──┤ U2(π,-π/2) ├─────»
«           └─────────┘                └────────────┘     »
« q_5: ───────────────────────────────────────────────────»
«                                                         »
«mm: 6/═══════════════════════════════════════════════════»
«                                                         »
«                                                                »
« q_0: ───────────────────────────────────────────■──────────────»
«      ┌───────────────────────────┐            ┌─┴─┐            »
« q_1: ┤ U3(0.24726,6.0939,5.3357) ├────────────┤ X ├────────────»
«      └───────────────────────────┘┌───────────┴───┴───────────┐»
« q_2: ──────────────■──────────────┤ U3(0.24726,6.0939,5.3357) ├»
«                    │              └───────┬───────────┬───────┘»
« q_3: ──────────────┼──────────────────────┤ U3(π,π,0) ├────────»
«                  ┌─┴─┐                   ┌┴───────────┴┐       »
« q_4: ────────────┤ X ├───────────────────┤ U2(π/2,π/2) ├───────»
«                  └───┘                   └─────────────┘       »
« q_5: ──────────────────────────────────────────────────────────»
«                                                                »
«mm: 6/══════════════════════════════════════════════════════════»
«                                                                »
«      ┌─────────────────────┐        ┌───┐                       »
« q_0: ┤ U3(1.1035,-π/2,π/2) ├────────┤ X ├───────────────────────»
«      └─────┬─────────┬─────┘        └─┬─┘         ┌────────────┐»
« q_1: ──────┤ U2(0,0) ├────────────────■───────────┤ U2(π,-π/2) ├»
«            └─────────┘                            └────────────┘»
« q_2: ───────────────────────────────────────────────────────────»
«               ┌───┐              ┌─────────┐                    »
« q_3: ─────────┤ X ├──────────────┤ U2(0,0) ├────────────■───────»
«               └─┬─┘         ┌────┴─────────┴─────┐    ┌─┴─┐     »
« q_4: ───────────■───────────┤ U3(1.305,-π/2,π/2) ├────┤ X ├─────»
«                             └────────────────────┘    └───┘     »
« q_5: ───────────────────────────────────────────────────────────»
«                                                                 »
«mm: 6/═══════════════════════════════════════════════════════════»
«                                                                 »
«                     ┌──────────────┐                ┌─────────────────────┐»
« q_0: ──────■────────┤ U2(-π/2,π/2) ├───────■────────┤ U3(1.1035,-π/2,π/2) ├»
«          ┌─┴─┐     ┌┴──────────────┤       │        └─────────────────────┘»
« q_1: ────┤ X ├─────┤ U2(-π/2,3π/2) ├───────┼───────────────────────────────»
«          └───┘     └───────────────┘     ┌─┴─┐            ┌─────────┐      »
« q_2: ────────────────────────────────────┤ X ├────────────┤ U2(0,0) ├──────»
«      ┌────────────┐      ┌───┐      ┌────┴───┴────┐       └─────────┘      »
« q_3: ┤ U2(π,-π/2) ├──────┤ X ├──────┤ U2(π/2,π/2) ├────────────────────────»
«      └────────────┘      └─┬─┘      ├─────────────┴┐                       »
« q_4: ──────────────────────■────────┤ U2(π/2,3π/2) ├───────────■───────────»
«                                     └──────────────┘         ┌─┴─┐         »
« q_5: ────────────────────────────────────────────────────────┤ X ├─────────»
«                                                              └───┘         »
«mm: 6/══════════════════════════════════════════════════════════════════════»
«                                                                            »
«              ┌───┐                                     ┌──────────────┐»
« q_0: ────────┤ X ├─────────────────────────────■───────┤ U2(-π/2,π/2) ├»
«              └─┬─┘                             │       └──────────────┘»
« q_1: ──────────┼───────────────────────────────┼──────────────■────────»
«                │           ┌────────────┐    ┌─┴─┐          ┌─┴─┐      »
« q_2: ──────────■───────────┤ U2(π,-π/2) ├────┤ X ├──────────┤ X ├──────»
«                            └────────────┘    └───┘          └───┘      »
« q_3: ──────────────────────────────────────────────────────────────────»
«      ┌────────────────────┐    ┌───┐                                   »
« q_4: ┤ U3(1.305,-π/2,π/2) ├────┤ X ├──────────────────────────■────────»
«      └────┬─────────┬─────┘    └─┬─┘     ┌────────────┐     ┌─┴─┐      »
« q_5: ─────┤ U2(0,0) ├────────────■───────┤ U2(π,-π/2) ├─────┤ X ├──────»
«           └─────────┘                    └────────────┘     └───┘      »
«mm: 6/══════════════════════════════════════════════════════════════════»
«                                                                        »
«                                                                   »
« q_0: ─────────────────────────────────────────────────────────────»
«         ┌─────────────────────┐   ┌───┐                           »
« q_1: ───┤ U3(1.1035,-π/2,π/2) ├───┤ X ├────────────────────────■──»
«         └─────┬─────────┬─────┘   └─┬─┘    ┌────────────┐    ┌─┴─┐»
« q_2: ─────────┤ U2(0,0) ├───────────■──────┤ U2(π,-π/2) ├────┤ X ├»
«               └─────────┘              ┌───┴────────────┴───┐├───┤»
« q_3: ───────────────────────────────■──┤ U3(1.305,-π/2,π/2) ├┤ X ├»
«      ┌───────────────────────────┐  │  └────────────────────┘└─┬─┘»
« q_4: ┤ U3(0.24726,6.0939,5.3357) ├──┼──────────────────────────┼──»
«      └───────┬───────────┬───────┘┌─┴─┐     ┌─────────┐        │  »
« q_5: ────────┤ U3(π,π,0) ├────────┤ X ├─────┤ U2(0,0) ├────────■──»
«              └───────────┘        └───┘     └─────────┘           »
«mm: 6/═════════════════════════════════════════════════════════════»
«                                                                   »
«                                                         »
« q_0: ───────────────────────────────────────────────────»
«       ┌──────────────┐                                  »
« q_1: ─┤ U2(-π/2,π/2) ├──────────────────────────────────»
«      ┌┴──────────────┤                                  »
« q_2: ┤ U2(-π/2,3π/2) ├───────────────────■──────────────»
«      └───────────────┘                   │              »
« q_3: ───────────────────■────────────────┼──────────────»
«                         │              ┌─┴─┐            »
« q_4: ───────────────────┼──────────────┤ X ├────────────»
«        ┌────────────┐ ┌─┴─┐┌───────────┴───┴───────────┐»
« q_5: ──┤ U2(π,-π/2) ├─┤ X ├┤ U3(0.24726,6.0939,2.1941) ├»
«        └────────────┘ └───┘└───────────────────────────┘»
«mm: 6/═══════════════════════════════════════════════════»
«                                                         »
«                                             ┌─────────────────────┐»
« q_0: ────────────────────────────────────■──┤ U3(1.1035,-π/2,π/2) ├»
«                                          │  ├─────────────────────┤»
« q_1: ───────────────────────────────■────┼──┤ U3(1.1035,-π/2,π/2) ├»
«         ┌─────────────────────┐     │    │  └────────┬───┬────────┘»
« q_2: ───┤ U3(1.1035,-π/2,π/2) ├─────┼────┼───────────┤ X ├─────────»
«      ┌──┴─────────────────────┴──┐┌─┴─┐  │           └─┬─┘         »
« q_3: ┤ U3(0.24726,6.0939,5.3357) ├┤ X ├──┼─────────────┼───────────»
«      └────────┬─────────┬────────┘└───┘  │             │           »
« q_4: ─────────┤ U2(0,0) ├────────────────┼─────────────■───────────»
«               └─────────┘              ┌─┴─┐      ┌─────────┐      »
« q_5: ──────────────────────────────────┤ X ├──────┤ U2(0,0) ├──────»
«                                        └───┘      └─────────┘      »
«mm: 6/══════════════════════════════════════════════════════════════»
«                                                                    »
«                         ┌───┐                                                »
« q_0: ───────────────────┤ X ├────────────────────────────────────────────────»
«                    ┌───┐└─┬─┘                                                »
« q_1: ──────────────┤ X ├──┼───────────────────────────────────────────────■──»
«                    └─┬─┘  │                ┌───────────────────────────┐  │  »
« q_2: ────────────────┼────┼────────■───────┤ U3(1.4363,-3.2223,5.2551) ├──┼──»
«       ┌─────────┐    │    │        │       └───────┬────────────┬──────┘┌─┴─┐»
« q_3: ─┤ U2(0,0) ├────■────┼────────┼───────────────┤ U2(π,-π/2) ├───────┤ X ├»
«      ┌┴─────────┴─┐       │      ┌─┴─┐           ┌─┴────────────┴┐      └───┘»
« q_4: ┤ U2(π,-π/2) ├───────┼──────┤ X ├───────────┤ U2(-π/2,3π/2) ├───────────»
«      └────────────┘       │  ┌───┴───┴────┐      └───────────────┘           »
« q_5: ─────────────────────■──┤ U2(π,-π/2) ├──────────────────────────────────»
«                              └────────────┘                                  »
«mm: 6/════════════════════════════════════════════════════════════════════════»
«                                                                              »
«           ┌───────────────────────────┐                          ┌─┐        »
« q_0: ──■──┤ U3(1.4363,-3.2223,5.2551) ├──────────────────────────┤M├────────»
«        │  ├───────────────────────────┤                          └╥┘┌─┐     »
« q_1: ──┼──┤ U3(1.4363,-3.2223,5.2551) ├───────────────────────────╫─┤M├─────»
«        │  └───────────────────────────┘┌─┐                        ║ └╥┘     »
« q_2: ──┼───────────────────────────────┤M├────────────────────────╫──╫──────»
«        │              ┌───┐            └╥┘      ┌─────────┐       ║  ║      »
« q_3: ──┼──────────────┤ X ├─────────────╫───────┤ U2(0,0) ├───────╫──╫───■──»
«        │              └─┬─┘             ║ ┌─────┴─────────┴─────┐ ║  ║ ┌─┴─┐»
« q_4: ──┼────────────────■───────────────╫─┤ U3(1.1035,-π/2,π/2) ├─╫──╫─┤ X ├»
«      ┌─┴─┐                              ║ └─────────────────────┘ ║  ║ └───┘»
« q_5: ┤ X ├──────────────────────────────╫─────────────────────────╫──╫──────»
«      └───┘                              ║                         ║  ║      »
«mm: 6/═══════════════════════════════════╩═════════════════════════╩══╩══════»
«                                         2                         0  1      »
«                                                                           »
« q_0: ─────────────────────────────────────────────────────────────────────»
«                                                                           »
« q_1: ─────────────────────────────────────────────────────────────────────»
«                                                                           »
« q_2: ─────────────────────────────────────────────────────────────────────»
«      ┌────────────┐┌───┐┌───────────────┐                                 »
« q_3: ┤ U2(π,-π/2) ├┤ X ├┤ U2(-π/2,3π/2) ├─────────────────────────────────»
«      └────────────┘└─┬─┘└┬──────────────┤     ┌─────────────────────┐┌───┐»
« q_4: ────────────────■───┤ U2(-π/2,π/2) ├──■──┤ U3(1.1035,-π/2,π/2) ├┤ X ├»
«                          └──────────────┘┌─┴─┐└─────┬─────────┬─────┘└─┬─┘»
« q_5: ────────────────────────────────────┤ X ├──────┤ U2(0,0) ├────────■──»
«                                          └───┘      └─────────┘           »
«mm: 6/═════════════════════════════════════════════════════════════════════»
«                                                                           »
«                                                                   »
« q_0: ─────────────────────────────────────────────────────────────»
«                                                                   »
« q_1: ─────────────────────────────────────────────────────────────»
«                                                                   »
« q_2: ─────────────────────────────────────────────────────────────»
«                                 ┌─────────────────────┐      ┌───┐»
« q_3: ─────────────────────■─────┤ U3(1.1035,-π/2,π/2) ├──────┤ X ├»
«                           │  ┌──┴─────────────────────┴──┐┌─┐└─┬─┘»
« q_4: ────────────────■────┼──┤ U3(1.4363,-3.2223,5.2551) ├┤M├──┼──»
«      ┌────────────┐┌─┴─┐┌─┴─┐└────────┬─────────┬────────┘└╥┘  │  »
« q_5: ┤ U2(π,-π/2) ├┤ X ├┤ X ├─────────┤ U2(0,0) ├──────────╫───■──»
«      └────────────┘└───┘└───┘         └─────────┘          ║      »
«mm: 6/══════════════════════════════════════════════════════╩══════»
«                                                            4      »
«                                                            
« q_0: ──────────────────────────────────────────────────────
«                                                            
« q_1: ──────────────────────────────────────────────────────
«                                                            
« q_2: ──────────────────────────────────────────────────────
«                         ┌───────────────────────────┐┌─┐   
« q_3: ────────────────■──┤ U3(1.4363,-3.2223,5.2551) ├┤M├───
«                      │  └───────────────────────────┘└╥┘   
« q_4: ────────────────┼────────────────────────────────╫────
«      ┌────────────┐┌─┴─┐┌───────────────────────────┐ ║ ┌─┐
« q_5: ┤ U2(π,-π/2) ├┤ X ├┤ U3(1.4363,-3.2223,2.1135) ├─╫─┤M├
«      └────────────┘└───┘└───────────────────────────┘ ║ └╥┘
«mm: 6/═════════════════════════════════════════════════╩══╩═
«                                                       3  5 
global phase: 1.2564
         ┌─────────┐┌─────────────┐┌─────────────┐┌──────────────────┐     »
q_0 -> 0 ┤ U2(0,π) ├┤ U1(-2.8758) ├┤ U3(π/2,0,0) ├┤ U3(π/2,-π/2,π/2) ├──■──»
         ├─────────┤├─────────────┤├─────────────┤└──────────────────┘┌─┴─┐»
q_1 -> 1 ┤ U2(0,π) ├┤ U1(-2.8758) ├┤ U3(π/2,π,0) ├────────────────────┤ X ├»
         ├─────────┤├─────────────┤├─────────────┤                    └───┘»
q_2 -> 2 ┤ U2(0,π) ├┤ U1(-2.8758) ├┤ U3(π/2,π,0) ├─────────────────────────»
         ├─────────┤├─────────────┤├─────────────┤                         »
q_3 -> 3 ┤ U2(0,π) ├┤ U1(-2.8758) ├┤ U3(π/2,π,0) ├─────────────────────────»
         ├─────────┤├─────────────┤├─────────────┤                         »
q_4 -> 4 ┤ U2(0,π) ├┤ U1(-2.8758) ├┤ U3(π/2,π,0) ├─────────────────────────»
         ├─────────┤├─────────────┤├─────────────┤                         »
q_5 -> 5 ┤ U2(0,π) ├┤ U1(-2.8758) ├┤ U3(π/2,π,0) ├─────────────────────────»
         └─────────┘└─────────────┘└─────────────┘                         »
   mm: 6/══════════════════════════════════════════════════════════════════»
                                                                           »
«         ┌────────────────────┐┌───┐                                     »
«q_0 -> 0 ┤ U3(1.305,-π/2,π/2) ├┤ X ├──────────────────────────────────■──»
«         └──┬─────────────┬───┘└─┬─┘┌───────────────────┐┌─────────┐┌─┴─┐»
«q_1 -> 1 ───┤ U3(π/2,0,0) ├──────■──┤ U3(-π/2,-π/2,π/2) ├┤ U1(π/2) ├┤ X ├»
«            └─────────────┘         └───────────────────┘└─────────┘└───┘»
«q_2 -> 2 ────────────────────────────────────────────────────────────────»
«                                                                         »
«q_3 -> 3 ────────────────────────────────────────────────────────────────»
«                                                                         »
«q_4 -> 4 ────────────────────────────────────────────────────────────────»
«                                                                         »
«q_5 -> 5 ────────────────────────────────────────────────────────────────»
«                                                                         »
«   mm: 6/════════════════════════════════════════════════════════════════»
«                                                                         »
«         ┌──────────────────┐┌─────────────┐┌─────────────┐»
«q_0 -> 0 ┤ U3(π/2,2.8758,π) ├┤ U1(-2.8758) ├┤ U3(π/2,0,0) ├»
«         ├──────────────────┤├─────────────┤├─────────────┤»
«q_1 -> 1 ┤ U3(π/2,2.8758,0) ├┤ U1(-2.8758) ├┤ U3(π/2,0,0) ├»
«         └──────────────────┘└─────────────┘└─────────────┘»
«q_2 -> 2 ──────────────────────────────────────────────────»
«                                                           »
«q_3 -> 3 ──────────────────────────────────────────────────»
«                                                           »
«q_4 -> 4 ──────────────────────────────────────────────────»
«                                                           »
«q_5 -> 5 ──────────────────────────────────────────────────»
«                                                           »
«   mm: 6/══════════════════════════════════════════════════»
«                                                           »
«         ┌──────────────────┐                                   »
«q_0 -> 0 ┤ U3(π/2,-π/2,π/2) ├─X─────────────────────────────────»
«         ├──────────────────┤ │      ┌────────────────────┐┌───┐»
«q_1 -> 1 ┤ U3(π/2,-π/2,π/2) ├─X───■──┤ U3(1.305,-π/2,π/2) ├┤ X ├»
«         └──────────────────┘   ┌─┴─┐└──┬─────────────┬───┘└─┬─┘»
«q_2 -> 2 ───────────────────────┤ X ├───┤ U3(π/2,0,0) ├──────■──»
«                                └───┘   └─────────────┘         »
«q_3 -> 3 ───────────────────────────────────────────────────────»
«                                                                »
«q_4 -> 4 ───────────────────────────────────────────────────────»
«                                                                »
«q_5 -> 5 ───────────────────────────────────────────────────────»
«                                                                »
«   mm: 6/═══════════════════════════════════════════════════════»
«                                                                »
«                                                                  »
«q_0 -> 0 ─────────────────────────────────────────────────────────»
«                                              ┌──────────────────┐»
«q_1 -> 1 ──────────────────────────────────■──┤ U3(π/2,2.8758,π) ├»
«         ┌───────────────────┐┌─────────┐┌─┴─┐├──────────────────┤»
«q_2 -> 2 ┤ U3(-π/2,-π/2,π/2) ├┤ U1(π/2) ├┤ X ├┤ U3(π/2,2.8758,0) ├»
«         └───────────────────┘└─────────┘└───┘└──────────────────┘»
«q_3 -> 3 ─────────────────────────────────────────────────────────»
«                                                                  »
«q_4 -> 4 ─────────────────────────────────────────────────────────»
«                                                                  »
«q_5 -> 5 ─────────────────────────────────────────────────────────»
«                                                                  »
«   mm: 6/═════════════════════════════════════════════════════════»
«                                                                  »
«                                                                   »
«q_0 -> 0 ───────────────────────────────────────────────────────■──»
«         ┌─────────────┐┌─────────────┐┌──────────────────┐   ┌─┴─┐»
«q_1 -> 1 ┤ U1(-2.8758) ├┤ U3(π/2,0,0) ├┤ U3(π/2,-π/2,π/2) ├─X─┤ X ├»
«         ├─────────────┤├─────────────┤└──────────────────┘ │ └───┘»
«q_2 -> 2 ┤ U1(-2.8758) ├┤ U3(π/2,π,0) ├─────────────────────X───X──»
«         └─────────────┘└─────────────┘                         │  »
«q_3 -> 3 ───────────────────────────────────────────────────────X──»
«                                                                   »
«q_4 -> 4 ──────────────────────────────────────────────────────────»
«                                                                   »
«q_5 -> 5 ──────────────────────────────────────────────────────────»
«                                                                   »
«   mm: 6/══════════════════════════════════════════════════════════»
«                                                                   »
«         ┌────────────────────┐┌───┐                                 »
«q_0 -> 0 ┤ U3(1.305,-π/2,π/2) ├┤ X ├─────────────────────────────────»
«         └──┬─────────────┬───┘└─┬─┘┌───────────────────┐ ┌─────────┐»
«q_1 -> 1 ───┤ U3(π/2,0,0) ├──────■──┤ U3(-π/2,-π/2,π/2) ├─┤ U1(π/2) ├»
«            └─────────────┘         └───────────────────┘ └─────────┘»
«q_2 -> 2 ────────────────────────────────────────────────────────────»
«                                                                     »
«q_3 -> 3 ──────────X─────────────────────────────────────────────────»
«                   │                ┌────────────────────┐   ┌───┐   »
«q_4 -> 4 ──────────X─────────────■──┤ U3(1.305,-π/2,π/2) ├───┤ X ├───»
«                               ┌─┴─┐└──┬─────────────┬───┘   └─┬─┘   »
«q_5 -> 5 ──────────────────────┤ X ├───┤ U3(π/2,0,0) ├─────────■─────»
«                               └───┘   └─────────────┘               »
«   mm: 6/════════════════════════════════════════════════════════════»
«                                                                     »
«                              ┌──────────────────┐┌─────────────┐»
«q_0 -> 0 ──────────■──────────┤ U3(π/2,2.8758,π) ├┤ U1(-2.8758) ├»
«                 ┌─┴─┐        ├──────────────────┤├─────────────┤»
«q_1 -> 1 ────────┤ X ├────────┤ U3(π/2,2.8758,0) ├┤ U1(-2.8758) ├»
«                 └───┘        └──────────────────┘└─────────────┘»
«q_2 -> 2 ────────────────────────────────────────────────────────»
«                                                                 »
«q_3 -> 3 ────────────────────────────────────────────────────────»
«                                                                 »
«q_4 -> 4 ────────────────────────────────────────────────■───────»
«         ┌───────────────────┐    ┌─────────┐          ┌─┴─┐     »
«q_5 -> 5 ┤ U3(-π/2,-π/2,π/2) ├────┤ U1(π/2) ├──────────┤ X ├─────»
«         └───────────────────┘    └─────────┘          └───┘     »
«   mm: 6/════════════════════════════════════════════════════════»
«                                                                 »
«           ┌─────────────┐     ┌──────────────────┐                 »
«q_0 -> 0 ──┤ U3(π/2,0,0) ├─────┤ U3(π/2,-π/2,π/2) ├─────────────────»
«           ├─────────────┤     ├──────────────────┤                 »
«q_1 -> 1 ──┤ U3(π/2,0,0) ├─────┤ U3(π/2,-π/2,π/2) ├─────────X───────»
«           └─────────────┘     └──────────────────┘         │       »
«q_2 -> 2 ───────────────────────────────────────────────────X───────»
«                                                                    »
«q_3 -> 3 ───────────────────────────────────────────────────────────»
«         ┌──────────────────┐┌──────────────────────┐┌─────────────┐»
«q_4 -> 4 ┤ U3(π/2,2.8758,π) ├┤ U3(-1.9857,-π/2,π/2) ├┤ U1(0.46727) ├»
«         ├──────────────────┤└───┬─────────────┬────┘├─────────────┤»
«q_5 -> 5 ┤ U3(π/2,2.8758,0) ├────┤ U1(-2.8758) ├─────┤ U3(π/2,π,0) ├»
«         └──────────────────┘    └─────────────┘     └─────────────┘»
«   mm: 6/═══════════════════════════════════════════════════════════»
«                                                                    »
«                             ┌────────────────────┐┌───┐                     »
«q_0 -> 0 ─────────■──────────┤ U3(1.305,-π/2,π/2) ├┤ X ├─────────────────────»
«                ┌─┴─┐        └──┬─────────────┬───┘└─┬─┘┌───────────────────┐»
«q_1 -> 1 ───────┤ X ├───────────┤ U3(π/2,0,0) ├──────■──┤ U3(-π/2,-π/2,π/2) ├»
«                └───┘        ┌──┴─────────────┴───┐┌───┐└───────────────────┘»
«q_2 -> 2 ─────────■──────────┤ U3(1.305,-π/2,π/2) ├┤ X ├─────────────────────»
«                ┌─┴─┐        └──┬─────────────┬───┘└─┬─┘┌───────────────────┐»
«q_3 -> 3 ───────┤ X ├───────────┤ U3(π/2,0,0) ├──────■──┤ U3(-π/2,-π/2,π/2) ├»
«         ┌──────┴───┴───────┐ ┌─┴─────────────┴──┐      └───────────────────┘»
«q_4 -> 4 ┤ U3(π/2,0,5.6592) ├─┤ U3(π/2,-π/2,π/2) ├───────────────────────────»
«         └──────────────────┘ └──────────────────┘                           »
«q_5 -> 5 ────────────────────────────────────────────────────────────────────»
«                                                                             »
«   mm: 6/════════════════════════════════════════════════════════════════════»
«                                                                             »
«                         ┌──────────────────┐┌──────────────────────┐»
«q_0 -> 0 ─────────────■──┤ U3(π/2,2.8758,π) ├┤ U3(-1.9857,-π/2,π/2) ├»
«         ┌─────────┐┌─┴─┐├──────────────────┤└───┬─────────────┬────┘»
«q_1 -> 1 ┤ U1(π/2) ├┤ X ├┤ U3(π/2,2.8758,0) ├────┤ U1(-2.8758) ├─────»
«         └─────────┘└───┘├──────────────────┤┌───┴─────────────┴────┐»
«q_2 -> 2 ─────────────■──┤ U3(π/2,2.8758,π) ├┤ U3(-1.9857,-π/2,π/2) ├»
«         ┌─────────┐┌─┴─┐├──────────────────┤└───┬─────────────┬────┘»
«q_3 -> 3 ┤ U1(π/2) ├┤ X ├┤ U3(π/2,2.8758,0) ├────┤ U1(-2.8758) ├─────»
«         └─────────┘└───┘└──────────────────┘    └─────────────┘     »
«q_4 -> 4 ────────────────────────────────────────────────────────────»
«                                                                     »
«q_5 -> 5 ────────────────────────────────────────────────────────────»
«                                                                     »
«   mm: 6/════════════════════════════════════════════════════════════»
«                                                                     »
«         ┌─────────────┐┌──────────────────┐                              »
«q_0 -> 0 ┤ U1(0.46727) ├┤ U3(π/2,π,5.6592) ├──────────────────────────────»
«         ├─────────────┤└──────────────────┘                              »
«q_1 -> 1 ┤ U3(π/2,π,0) ├─────────────────────X────────────────────────────»
«         ├─────────────┤┌──────────────────┐ │ ┌───┐   ┌─────────────┐    »
«q_2 -> 2 ┤ U1(0.46727) ├┤ U3(π/2,π,5.6592) ├─X─┤ X ├───┤ U3(π/2,0,0) ├────»
«         ├─────────────┤├──────────────────┤   └─┬─┘┌──┴─────────────┴───┐»
«q_3 -> 3 ┤ U3(π/2,0,0) ├┤ U3(π/2,-π/2,π/2) ├─────■──┤ U3(1.305,-π/2,π/2) ├»
«         └─────────────┘└──────────────────┘        └────────────────────┘»
«q_4 -> 4 ─────────────────────────────────────────────────────────────────»
«                                                                          »
«q_5 -> 5 ─────────────────────────────────────────────────────────────────»
«                                                                          »
«   mm: 6/═════════════════════════════════════════════════════════════════»
«                                                                          »
«                                                                       »
«q_0 -> 0 ──────────────────────────────────────────────────────────────»
«                                                                       »
«q_1 -> 1 ──────────────────────────────────────────────────────────────»
«              ┌───────────────────┐┌─────────┐┌───┐┌──────────────────┐»
«q_2 -> 2 ──■──┤ U3(-π/2,-π/2,π/2) ├┤ U1(π/2) ├┤ X ├┤ U3(π/2,2.8758,0) ├»
«         ┌─┴─┐└───────────────────┘└─────────┘└─┬─┘├──────────────────┤»
«q_3 -> 3 ┤ X ├──────────────────────────────────■──┤ U3(π/2,2.8758,π) ├»
«         └───┘                                     └──────────────────┘»
«q_4 -> 4 ──────────────────────────────────────────────────────────────»
«                                                                       »
«q_5 -> 5 ──────────────────────────────────────────────────────────────»
«                                                                       »
«   mm: 6/══════════════════════════════════════════════════════════════»
«                                                                       »
«                                                                   »
«q_0 -> 0 ──────────────────────────────────────────────────────────»
«                                                                   »
«q_1 -> 1 ──────────────────────────────────────────────────────────»
«         ┌─────────────┐┌─────────────┐┌──────────────────┐        »
«q_2 -> 2 ┤ U1(-2.8758) ├┤ U3(π/2,0,0) ├┤ U3(π/2,-π/2,π/2) ├─────X──»
«         ├─────────────┤├─────────────┤├──────────────────┤     │  »
«q_3 -> 3 ┤ U1(-2.8758) ├┤ U3(π/2,0,0) ├┤ U3(π/2,-π/2,π/2) ├─X───X──»
«         └─────────────┘└─────────────┘└──────────────────┘ │      »
«q_4 -> 4 ───────────────────────────────────────────────────X───■──»
«                                                              ┌─┴─┐»
«q_5 -> 5 ─────────────────────────────────────────────────────┤ X ├»
«                                                              └───┘»
«   mm: 6/══════════════════════════════════════════════════════════»
«                                                                   »
«                               ┌───┐    ┌─────────────┐               »
«q_0 -> 0 ──────────────────────┤ X ├────┤ U3(π/2,0,0) ├─────────■─────»
«                               └─┬─┘┌───┴─────────────┴───┐   ┌─┴─┐   »
«q_1 -> 1 ──────────X─────────────■──┤ U3(1.1035,-π/2,π/2) ├───┤ X ├───»
«                   │                └─────────────────────┘   └───┘   »
«q_2 -> 2 ──────────X──────────────────────────────────────────────────»
«                                                                      »
«q_3 -> 3 ─────────────────────────────────────────────────────────────»
«         ┌────────────────────┐┌───┐                                  »
«q_4 -> 4 ┤ U3(1.305,-π/2,π/2) ├┤ X ├──────────────────────────────────»
«         └──┬─────────────┬───┘└─┬─┘ ┌───────────────────┐ ┌─────────┐»
«q_5 -> 5 ───┤ U3(π/2,0,0) ├──────■───┤ U3(-π/2,-π/2,π/2) ├─┤ U1(π/2) ├»
«            └─────────────┘          └───────────────────┘ └─────────┘»
«   mm: 6/═════════════════════════════════════════════════════════════»
«                                                                      »
«         ┌───────────────────┐    ┌─────────┐              ┌───┐          »
«q_0 -> 0 ┤ U3(-π/2,-π/2,π/2) ├────┤ U1(π/2) ├──────────────┤ X ├──────────»
«         └───────────────────┘    └─────────┘              └─┬─┘          »
«q_1 -> 1 ────────────────────────────────────────────────────■────────────»
«                                                                          »
«q_2 -> 2 ─────────────────────────────────────────────────────────────────»
«                                                                          »
«q_3 -> 3 ─────────────────────────────────────────────────────────────────»
«                              ┌──────────────────┐┌──────────────────────┐»
«q_4 -> 4 ──────────■──────────┤ U3(π/2,2.8758,π) ├┤ U3(-1.9857,-π/2,π/2) ├»
«                 ┌─┴─┐        ├──────────────────┤└───┬─────────────┬────┘»
«q_5 -> 5 ────────┤ X ├────────┤ U3(π/2,2.8758,0) ├────┤ U1(-2.8758) ├─────»
«                 └───┘        └──────────────────┘    └─────────────┘     »
«   mm: 6/═════════════════════════════════════════════════════════════════»
«                                                                          »
«         ┌──────────────────┐  ┌─────────────┐   ┌──────────────────┐»
«q_0 -> 0 ┤ U3(π/2,3.2983,0) ├──┤ U1(0.46727) ├───┤ U3(π/2,0,5.6592) ├»
«         ├──────────────────┤  ├─────────────┤   ├──────────────────┤»
«q_1 -> 1 ┤ U3(π/2,3.2983,π) ├──┤ U1(0.46727) ├───┤ U3(π/2,0,5.6592) ├»
«         └──────────────────┘  └─────────────┘   └──────────────────┘»
«q_2 -> 2 ────────────────────────────────────────────────────────────»
«                                                                     »
«q_3 -> 3 ─────────────────────────────────────────────────X──────────»
«           ┌─────────────┐   ┌──────────────────┐         │          »
«q_4 -> 4 ──┤ U1(0.46727) ├───┤ U3(π/2,π,5.6592) ├─────────X──────────»
«           ├─────────────┤   └──────────────────┘                    »
«q_5 -> 5 ──┤ U3(π/2,π,0) ├───────────────────────────────────────────»
«           └─────────────┘                                           »
«   mm: 6/════════════════════════════════════════════════════════════»
«                                                                     »
«         ┌──────────────────┐                                             »
«q_0 -> 0 ┤ U3(π/2,-π/2,π/2) ├─────────────────────────────────────────────»
«         ├──────────────────┤                      ┌─────────────────────┐»
«q_1 -> 1 ┤ U3(π/2,-π/2,π/2) ├──────────■───────────┤ U3(1.1035,-π/2,π/2) ├»
«         └──────────────────┘        ┌─┴─┐         └───┬─────────────┬───┘»
«q_2 -> 2 ────────────────────────────┤ X ├─────────────┤ U3(π/2,0,0) ├────»
«                                     └───┘             └─────────────┘    »
«q_3 -> 3 ─────────────────────────────────────────────────────────────────»
«                             ┌────────────────────┐         ┌───┐         »
«q_4 -> 4 ─────────■──────────┤ U3(1.305,-π/2,π/2) ├─────────┤ X ├─────────»
«                ┌─┴─┐        └──┬─────────────┬───┘         └─┬─┘         »
«q_5 -> 5 ───────┤ X ├───────────┤ U3(π/2,0,0) ├───────────────■───────────»
«                └───┘           └─────────────┘                           »
«   mm: 6/═════════════════════════════════════════════════════════════════»
«                                                                          »
«                                                              »
«q_0 -> 0 ─────────────────────────────────────────────────────»
«                 ┌───┐                                        »
«q_1 -> 1 ────────┤ X ├────────────────────────────────────────»
«                 └─┬─┘        ┌───────────────────┐┌─────────┐»
«q_2 -> 2 ──────────■──────────┤ U3(-π/2,-π/2,π/2) ├┤ U1(π/2) ├»
«                              └───────────────────┘└─────────┘»
«q_3 -> 3 ─────────────────────────────────────────────────────»
«                                                              »
«q_4 -> 4 ───────────────────────────────────────────────■─────»
«         ┌───────────────────┐     ┌─────────┐        ┌─┴─┐   »
«q_5 -> 5 ┤ U3(-π/2,-π/2,π/2) ├─────┤ U1(π/2) ├────────┤ X ├───»
«         └───────────────────┘     └─────────┘        └───┘   »
«   mm: 6/═════════════════════════════════════════════════════»
«                                                              »
«                                                                    »
«q_0 -> 0 ───────────────────────────────────────────────────────────»
«                               ┌──────────────────┐  ┌─────────────┐»
«q_1 -> 1 ─────────■────────────┤ U3(π/2,3.2983,π) ├──┤ U1(0.46727) ├»
«                ┌─┴─┐          ├──────────────────┤  ├─────────────┤»
«q_2 -> 2 ───────┤ X ├──────────┤ U3(π/2,3.2983,0) ├──┤ U1(0.46727) ├»
«                └───┘          └──────────────────┘  └─────────────┘»
«q_3 -> 3 ───────────────────────────────────────────────────────────»
«         ┌──────────────────┐┌──────────────────────┐┌─────────────┐»
«q_4 -> 4 ┤ U3(π/2,2.8758,π) ├┤ U3(-1.9857,-π/2,π/2) ├┤ U1(0.46727) ├»
«         ├──────────────────┤├──────────────────────┤├─────────────┤»
«q_5 -> 5 ┤ U3(π/2,2.8758,0) ├┤ U3(-1.9857,-π/2,π/2) ├┤ U1(0.46727) ├»
«         └──────────────────┘└──────────────────────┘└─────────────┘»
«   mm: 6/═══════════════════════════════════════════════════════════»
«                                                                    »
«                                                         »
«q_0 -> 0 ─────────────────────────────────────────────■──»
«         ┌──────────────────┐┌──────────────────┐   ┌─┴─┐»
«q_1 -> 1 ┤ U3(π/2,0,5.6592) ├┤ U3(π/2,-π/2,π/2) ├─X─┤ X ├»
«         ├──────────────────┤└──────────────────┘ │ └───┘»
«q_2 -> 2 ┤ U3(π/2,π,5.6592) ├─────────────────────X───X──»
«         └──────────────────┘                         │  »
«q_3 -> 3 ─────────────────────────────────────────────X──»
«         ┌──────────────────┐                            »
«q_4 -> 4 ┤ U3(π/2,π,5.6592) ├────────────────────────────»
«         ├──────────────────┤                            »
«q_5 -> 5 ┤ U3(π/2,π,5.6592) ├────────────────────────────»
«         └──────────────────┘                            »
«   mm: 6/════════════════════════════════════════════════»
«                                                         »
«         ┌─────────────────────┐┌───┐                                  »
«q_0 -> 0 ┤ U3(1.1035,-π/2,π/2) ├┤ X ├──────────────────────────────────»
«         └───┬─────────────┬───┘└─┬─┘ ┌───────────────────┐ ┌─────────┐»
«q_1 -> 1 ────┤ U3(π/2,0,0) ├──────■───┤ U3(-π/2,-π/2,π/2) ├─┤ U1(π/2) ├»
«             └─────────────┘          └───────────────────┘ └─────────┘»
«q_2 -> 2 ──────────────────────────────────────────────────────────────»
«                                                                       »
«q_3 -> 3 ───────────X──────────────────────────────────────────────────»
«                    │                ┌─────────────────────┐   ┌───┐   »
«q_4 -> 4 ───────────X─────────────■──┤ U3(1.1035,-π/2,π/2) ├───┤ X ├───»
«                                ┌─┴─┐└───┬─────────────┬───┘   └─┬─┘   »
«q_5 -> 5 ───────────────────────┤ X ├────┤ U3(π/2,0,0) ├─────────■─────»
«                                └───┘    └─────────────┘               »
«   mm: 6/══════════════════════════════════════════════════════════════»
«                                                                       »
«                              ┌──────────────────┐┌─────────────┐»
«q_0 -> 0 ──────────■──────────┤ U3(π/2,3.2983,π) ├┤ U1(0.46727) ├»
«                 ┌─┴─┐        ├──────────────────┤├─────────────┤»
«q_1 -> 1 ────────┤ X ├────────┤ U3(π/2,3.2983,0) ├┤ U1(0.46727) ├»
«                 └───┘        └──────────────────┘└─────────────┘»
«q_2 -> 2 ────────────────────────────────────────────────────────»
«                                                                 »
«q_3 -> 3 ────────────────────────────────────────────────────────»
«                                                                 »
«q_4 -> 4 ────────────────────────────────────────────────■───────»
«         ┌───────────────────┐    ┌─────────┐          ┌─┴─┐     »
«q_5 -> 5 ┤ U3(-π/2,-π/2,π/2) ├────┤ U1(π/2) ├──────────┤ X ├─────»
«         └───────────────────┘    └─────────┘          └───┘     »
«   mm: 6/════════════════════════════════════════════════════════»
«                                                                 »
«         ┌──────────────────┐  ┌──────────────────┐                     »
«q_0 -> 0 ┤ U3(π/2,0,5.6592) ├──┤ U3(π/2,-π/2,π/2) ├─────────────────────»
«         ├──────────────────┤  ├──────────────────┤                     »
«q_1 -> 1 ┤ U3(π/2,0,5.6592) ├──┤ U3(π/2,-π/2,π/2) ├──────────■──────────»
«         └──────────────────┘  └──────────────────┘        ┌─┴─┐        »
«q_2 -> 2 ──────────────────────────────────────────────────┤ X ├────────»
«                                                           └───┘        »
«q_3 -> 3 ───────────────────────────────────────────────────────────────»
«         ┌──────────────────┐┌─────────────────────┐                    »
«q_4 -> 4 ┤ U3(π/2,3.2983,π) ├┤ U3(-2.108,-π/2,π/2) ├────────────────────»
«         ├──────────────────┤└───┬─────────────┬───┘┌──────────────────┐»
«q_5 -> 5 ┤ U3(π/2,3.2983,0) ├────┤ U1(0.46727) ├────┤ U3(π/2,π,5.6592) ├»
«         └──────────────────┘    └─────────────┘    └──────────────────┘»
«   mm: 6/═══════════════════════════════════════════════════════════════»
«                                                                        »
«                                                                          »
«q_0 -> 0 ─────────────────────────────────────────────────────────────────»
«         ┌─────────────────────┐┌───┐                                     »
«q_1 -> 1 ┤ U3(1.1035,-π/2,π/2) ├┤ X ├──────────────────────────────────■──»
«         └───┬─────────────┬───┘└─┬─┘┌───────────────────┐┌─────────┐┌─┴─┐»
«q_2 -> 2 ────┤ U3(π/2,0,0) ├──────■──┤ U3(-π/2,-π/2,π/2) ├┤ U1(π/2) ├┤ X ├»
«             └─────────────┘         └───────────────────┘└─────────┘└───┘»
«q_3 -> 3 ─────────────────────────────────────────────────────────────────»
«                   ┌─┐                                                    »
«q_4 -> 4 ──────────┤M├────────────X───────────────────────────────────────»
«                   └╥┘            │                                       »
«q_5 -> 5 ───────────╫─────────────X───────────────────────────────────────»
«                    ║                                                     »
«   mm: 6/═══════════╩═════════════════════════════════════════════════════»
«                    0                                                     »
«                                                                           »
«q_0 -> 0 ──────────────────────────────────────────────────────────────────»
«         ┌──────────────────┐┌─────────────────────┐                    ┌─┐»
«q_1 -> 1 ┤ U3(π/2,3.2983,π) ├┤ U3(-2.108,-π/2,π/2) ├────────────────────┤M├»
«         ├──────────────────┤└───┬─────────────┬───┘┌──────────────────┐└╥┘»
«q_2 -> 2 ┤ U3(π/2,3.2983,0) ├────┤ U1(0.46727) ├────┤ U3(π/2,0,5.6592) ├─╫─»
«         └──────────────────┘    └─────────────┘    └──────────────────┘ ║ »
«q_3 -> 3 ────────────────────────────────────────────────────────────────╫─»
«                                                                         ║ »
«q_4 -> 4 ────────────────────────────────────────────────────────────────╫─»
«                                                                         ║ »
«q_5 -> 5 ────────────────────────────────────────────────────────────────╫─»
«                                                                         ║ »
«   mm: 6/════════════════════════════════════════════════════════════════╩═»
«                                                                         2 »
«                                                                 »
«q_0 -> 0 ─────────X──────────────────────────────────────────────»
«                  │                  ┌─────────────────────┐┌───┐»
«q_1 -> 1 ─────────X───────────────■──┤ U3(1.1035,-π/2,π/2) ├┤ X ├»
«         ┌──────────────────┐   ┌─┴─┐└───┬─────────────┬───┘└─┬─┘»
«q_2 -> 2 ┤ U3(π/2,-π/2,π/2) ├─X─┤ X ├────┤ U3(π/2,0,0) ├──────■──»
«         └──────────────────┘ │ └───┘    └─────────────┘         »
«q_3 -> 3 ─────────────────────X──────────────────────────────────»
«                                                                 »
«q_4 -> 4 ────────────────────────────────────────────────────────»
«                                                                 »
«q_5 -> 5 ────────────────────────────────────────────────────────»
«                                                                 »
«   mm: 6/════════════════════════════════════════════════════════»
«                                                                 »
«                                                                  »
«q_0 -> 0 ─────────────────────────────────────────────────────────»
«                                              ┌──────────────────┐»
«q_1 -> 1 ──────────────────────────────────■──┤ U3(π/2,3.2983,π) ├»
«         ┌───────────────────┐┌─────────┐┌─┴─┐├──────────────────┤»
«q_2 -> 2 ┤ U3(-π/2,-π/2,π/2) ├┤ U1(π/2) ├┤ X ├┤ U3(π/2,3.2983,0) ├»
«         └───────────────────┘└─────────┘└───┘└──────────────────┘»
«q_3 -> 3 ─────────────────────────────────────────────────────────»
«                                                                  »
«q_4 -> 4 ─────────────────────────────────────────────────────────»
«                                                                  »
«q_5 -> 5 ─────────────────────────────────────────────────────────»
«                                                                  »
«   mm: 6/═════════════════════════════════════════════════════════»
«                                                                  »
«                                                            »
«q_0 -> 0 ───────────────────────────────────────────────────»
«         ┌─────────────────────┐┌─┐                         »
«q_1 -> 1 ┤ U3(-2.108,-π/2,π/2) ├┤M├─────────────────────────»
«         └───┬─────────────┬───┘└╥┘┌──────────────────┐┌───┐»
«q_2 -> 2 ────┤ U1(0.46727) ├─────╫─┤ U3(π/2,π,5.6592) ├┤ X ├»
«             └─────────────┘     ║ └──────────────────┘└─┬─┘»
«q_3 -> 3 ────────────────────────╫───────────────────────■──»
«                                 ║                          »
«q_4 -> 4 ────────────────────────╫──────────────────────────»
«                                 ║                          »
«q_5 -> 5 ────────────────────────╫──────────────────────────»
«                                 ║                          »
«   mm: 6/════════════════════════╩══════════════════════════»
«                                 1                          »
«                                                                          »
«q_0 -> 0 ─────────────────────────────────────────────────────────────────»
«                                                                          »
«q_1 -> 1 ─────────────────────────────────────────────────────────────────»
«             ┌─────────────┐         ┌───────────────────┐┌─────────┐┌───┐»
«q_2 -> 2 ────┤ U3(π/2,0,0) ├──────■──┤ U3(-π/2,-π/2,π/2) ├┤ U1(π/2) ├┤ X ├»
«         ┌───┴─────────────┴───┐┌─┴─┐└───────────────────┘└─────────┘└─┬─┘»
«q_3 -> 3 ┤ U3(1.1035,-π/2,π/2) ├┤ X ├──────────────────────────────────■──»
«         └─────────────────────┘└───┘                                     »
«q_4 -> 4 ─────────────────────────────────────────────────────────────────»
«                                                                          »
«q_5 -> 5 ─────────────────────────────────────────────────────────────────»
«                                                                          »
«   mm: 6/═════════════════════════════════════════════════════════════════»
«                                                                          »
«                                                                »
«q_0 -> 0 ───────────────────────────────────────────────────────»
«                                                                »
«q_1 -> 1 ───────────────────────────────────────────────────────»
«         ┌──────────────────┐┌─────────────┐┌──────────────────┐»
«q_2 -> 2 ┤ U3(π/2,3.2983,0) ├┤ U1(0.46727) ├┤ U3(π/2,0,5.6592) ├»
«         ├──────────────────┤├─────────────┤├──────────────────┤»
«q_3 -> 3 ┤ U3(π/2,3.2983,π) ├┤ U1(0.46727) ├┤ U3(π/2,0,5.6592) ├»
«         └──────────────────┘└─────────────┘└──────────────────┘»
«q_4 -> 4 ───────────────────────────────────────────────────────»
«                                                                »
«q_5 -> 5 ───────────────────────────────────────────────────────»
«                                                                »
«   mm: 6/═══════════════════════════════════════════════════════»
«                                                                »
«                                                              »
«q_0 -> 0 ─────────────────────────────────────────────────────»
«                                                              »
«q_1 -> 1 ─────────────────────────────────────────────────────»
«         ┌──────────────────┐                                 »
«q_2 -> 2 ┤ U3(π/2,-π/2,π/2) ├─────────────────────────────────»
«         ├──────────────────┤     ┌─────────────────────┐┌───┐»
«q_3 -> 3 ┤ U3(π/2,-π/2,π/2) ├──■──┤ U3(1.1035,-π/2,π/2) ├┤ X ├»
«         └──────────────────┘┌─┴─┐└───┬─────────────┬───┘└─┬─┘»
«q_4 -> 4 ────────────────────┤ X ├────┤ U3(π/2,0,0) ├──────■──»
«                             └───┘    └─────────────┘         »
«q_5 -> 5 ─────────────────────────────────────────────────────»
«                                                              »
«   mm: 6/═════════════════════════════════════════════════════»
«                                                              »
«                                                                  »
«q_0 -> 0 ─────────────────────────────────────────────────────────»
«                                                                  »
«q_1 -> 1 ─────────────────────────────────────────────────────────»
«                                                                  »
«q_2 -> 2 ─────────────────────────────────────────────────────────»
«                                              ┌──────────────────┐»
«q_3 -> 3 ──────────────────────────────────■──┤ U3(π/2,3.2983,π) ├»
«         ┌───────────────────┐┌─────────┐┌─┴─┐├──────────────────┤»
«q_4 -> 4 ┤ U3(-π/2,-π/2,π/2) ├┤ U1(π/2) ├┤ X ├┤ U3(π/2,3.2983,0) ├»
«         └───────────────────┘└─────────┘└───┘└──────────────────┘»
«q_5 -> 5 ─────────────────────────────────────────────────────────»
«                                                                  »
«   mm: 6/═════════════════════════════════════════════════════════»
«                                                                  »
«                                                               »
«q_0 -> 0 ──────────────────────────────────────────────────────»
«                                                               »
«q_1 -> 1 ──────────────────────────────────────────────────────»
«                                                               »
«q_2 -> 2 ───────────────────────────────────────────────────■──»
«         ┌─────────────────────┐                    ┌─┐   ┌─┴─┐»
«q_3 -> 3 ┤ U3(-2.108,-π/2,π/2) ├────────────────────┤M├─X─┤ X ├»
«         └───┬─────────────┬───┘┌──────────────────┐└╥┘ │ └───┘»
«q_4 -> 4 ────┤ U1(0.46727) ├────┤ U3(π/2,π,5.6592) ├─╫──X──────»
«             └─────────────┘    └──────────────────┘ ║         »
«q_5 -> 5 ────────────────────────────────────────────╫─────────»
«                                                     ║         »
«   mm: 6/════════════════════════════════════════════╩═════════»
«                                                     4         »
«                                                                          »
«q_0 -> 0 ─────────────────────────────────────────────────────────────────»
«                                                                          »
«q_1 -> 1 ─────────────────────────────────────────────────────────────────»
«         ┌─────────────────────┐┌───┐                                     »
«q_2 -> 2 ┤ U3(1.1035,-π/2,π/2) ├┤ X ├──────────────────────────────────■──»
«         └───┬─────────────┬───┘└─┬─┘┌───────────────────┐┌─────────┐┌─┴─┐»
«q_3 -> 3 ────┤ U3(π/2,0,0) ├──────■──┤ U3(-π/2,-π/2,π/2) ├┤ U1(π/2) ├┤ X ├»
«             └─────────────┘         └───────────────────┘└─────────┘└───┘»
«q_4 -> 4 ─────────────────────────────────────────────────────────────────»
«                                                                          »
«q_5 -> 5 ─────────────────────────────────────────────────────────────────»
«                                                                          »
«   mm: 6/═════════════════════════════════════════════════════════════════»
«                                                                          »
«                                                          
«q_0 -> 0 ─────────────────────────────────────────────────
«                                                          
«q_1 -> 1 ─────────────────────────────────────────────────
«         ┌──────────────────┐┌─────────────────────┐┌─┐   
«q_2 -> 2 ┤ U3(π/2,3.2983,π) ├┤ U3(-2.108,-π/2,π/2) ├┤M├───
«         ├──────────────────┤├─────────────────────┤└╥┘┌─┐
«q_3 -> 3 ┤ U3(π/2,3.2983,0) ├┤ U3(-2.108,-π/2,π/2) ├─╫─┤M├
«         └──────────────────┘└─────────────────────┘ ║ └╥┘
«q_4 -> 4 ────────────────────────────────────────────╫──╫─
«                                                     ║  ║ 
«q_5 -> 5 ────────────────────────────────────────────╫──╫─
«                                                     ║  ║ 
«   mm: 6/════════════════════════════════════════════╩══╩═
«                                                     3  5 
global phase: 1.2564
         ┌─────────┐┌─────────────┐┌─────────────┐┌──────────────────┐     »
q_0 -> 0 ┤ U2(0,π) ├┤ U1(-2.8758) ├┤ U3(π/2,0,0) ├┤ U3(π/2,-π/2,π/2) ├──■──»
         ├─────────┤├─────────────┤├─────────────┤└──────────────────┘┌─┴─┐»
q_1 -> 1 ┤ U2(0,π) ├┤ U1(-2.8758) ├┤ U3(π/2,π,0) ├────────────────────┤ X ├»
         ├─────────┤├─────────────┤├─────────────┤                    └───┘»
q_2 -> 2 ┤ U2(0,π) ├┤ U1(-2.8758) ├┤ U3(π/2,π,0) ├─────────────────────────»
         ├─────────┤├─────────────┤├─────────────┤                         »
q_3 -> 3 ┤ U2(0,π) ├┤ U1(-2.8758) ├┤ U3(π/2,π,0) ├─────────────────────────»
         ├─────────┤├─────────────┤├─────────────┤                         »
q_4 -> 4 ┤ U2(0,π) ├┤ U1(-2.8758) ├┤ U3(π/2,π,0) ├─────────────────────────»
         ├─────────┤├─────────────┤├─────────────┤                         »
q_5 -> 5 ┤ U2(0,π) ├┤ U1(-2.8758) ├┤ U3(π/2,π,0) ├─────────────────────────»
         └─────────┘└─────────────┘└─────────────┘                         »
   mm: 6/══════════════════════════════════════════════════════════════════»
                                                                           »
«         ┌────────────────────┐┌───┐                                     »
«q_0 -> 0 ┤ U3(1.305,-π/2,π/2) ├┤ X ├──────────────────────────────────■──»
«         └──┬─────────────┬───┘└─┬─┘┌───────────────────┐┌─────────┐┌─┴─┐»
«q_1 -> 1 ───┤ U3(π/2,0,0) ├──────■──┤ U3(-π/2,-π/2,π/2) ├┤ U1(π/2) ├┤ X ├»
«            └─────────────┘         └───────────────────┘└─────────┘└───┘»
«q_2 -> 2 ────────────────────────────────────────────────────────────────»
«                                                                         »
«q_3 -> 3 ────────────────────────────────────────────────────────────────»
«                                                                         »
«q_4 -> 4 ────────────────────────────────────────────────────────────────»
«                                                                         »
«q_5 -> 5 ────────────────────────────────────────────────────────────────»
«                                                                         »
«   mm: 6/════════════════════════════════════════════════════════════════»
«                                                                         »
«         ┌──────────────────┐┌─────────────┐┌─────────────┐»
«q_0 -> 0 ┤ U3(π/2,2.8758,π) ├┤ U1(-2.8758) ├┤ U3(π/2,0,0) ├»
«         ├──────────────────┤├─────────────┤├─────────────┤»
«q_1 -> 1 ┤ U3(π/2,2.8758,0) ├┤ U1(-2.8758) ├┤ U3(π/2,0,0) ├»
«         └──────────────────┘└─────────────┘└─────────────┘»
«q_2 -> 2 ──────────────────────────────────────────────────»
«                                                           »
«q_3 -> 3 ──────────────────────────────────────────────────»
«                                                           »
«q_4 -> 4 ──────────────────────────────────────────────────»
«                                                           »
«q_5 -> 5 ──────────────────────────────────────────────────»
«                                                           »
«   mm: 6/══════════════════════════════════════════════════»
«                                                           »
«         ┌──────────────────┐        ┌────────────────────┐┌───┐»
«q_0 -> 0 ┤ U3(π/2,-π/2,π/2) ├─────■──┤ U3(1.305,-π/2,π/2) ├┤ X ├»
«         ├──────────────────┤   ┌─┴─┐└──┬─────────────┬───┘└─┬─┘»
«q_1 -> 1 ┤ U3(π/2,-π/2,π/2) ├─X─┤ X ├───┤ U3(π/2,0,0) ├──────■──»
«         └──────────────────┘ │ └───┘   └─────────────┘         »
«q_2 -> 2 ─────────────────────X─────────────────────────────────»
«                                                                »
«q_3 -> 3 ───────────────────────────────────────────────────────»
«                                                                »
«q_4 -> 4 ───────────────────────────────────────────────────────»
«                                                                »
«q_5 -> 5 ───────────────────────────────────────────────────────»
«                                                                »
«   mm: 6/═══════════════════════════════════════════════════════»
«                                                                »
«                                              ┌──────────────────┐»
«q_0 -> 0 ──────────────────────────────────■──┤ U3(π/2,2.8758,π) ├»
«         ┌───────────────────┐┌─────────┐┌─┴─┐├──────────────────┤»
«q_1 -> 1 ┤ U3(-π/2,-π/2,π/2) ├┤ U1(π/2) ├┤ X ├┤ U3(π/2,2.8758,0) ├»
«         └───────────────────┘└─────────┘└───┘└──────────────────┘»
«q_2 -> 2 ─────────────────────────────────────────────────────────»
«                                                                  »
«q_3 -> 3 ─────────────────────────────────────────────────────────»
«                                                                  »
«q_4 -> 4 ─────────────────────────────────────────────────────────»
«                                                                  »
«q_5 -> 5 ─────────────────────────────────────────────────────────»
«                                                                  »
«   mm: 6/═════════════════════════════════════════════════════════»
«                                                                  »
«         ┌─────────────┐┌─────────────┐┌──────────────────┐»
«q_0 -> 0 ┤ U1(-2.8758) ├┤ U3(π/2,0,0) ├┤ U3(π/2,-π/2,π/2) ├»
«         ├─────────────┤├─────────────┤└──────┬───┬───────┘»
«q_1 -> 1 ┤ U1(-2.8758) ├┤ U3(π/2,π,0) ├───────┤ X ├────────»
«         └─────────────┘└─────────────┘       └─┬─┘        »
«q_2 -> 2 ───────────────────────────────────────■──────────»
«                                                           »
«q_3 -> 3 ──────────────────────────────────────────────────»
«                                                           »
«q_4 -> 4 ──────────────────────────────────────────────────»
«                                                           »
«q_5 -> 5 ──────────────────────────────────────────────────»
«                                                           »
«   mm: 6/══════════════════════════════════════════════════»
«                                                           »
«                                          ┌───────────────────┐┌─────────┐»
«q_0 -> 0 ───────────────────────X──────■──┤ U3(-π/2,-π/2,π/2) ├┤ U1(π/2) ├»
«            ┌─────────────┐     │    ┌─┴─┐└───────────────────┘└─────────┘»
«q_1 -> 1 ───┤ U3(π/2,0,0) ├─────X──X─┤ X ├────────────────────────────────»
«         ┌──┴─────────────┴───┐    │ └───┘                                »
«q_2 -> 2 ┤ U3(1.305,-π/2,π/2) ├────X───X──────────────────────────────────»
«         └────────────────────┘        │                                  »
«q_3 -> 3 ──────────────────────────────X────────────X─────────────────────»
«                                                    │                     »
«q_4 -> 4 ───────────────────────────────────────────X───────────────■─────»
«                                                                  ┌─┴─┐   »
«q_5 -> 5 ─────────────────────────────────────────────────────────┤ X ├───»
«                                                                  └───┘   »
«   mm: 6/═════════════════════════════════════════════════════════════════»
«                                                                          »
«                 ┌───┐         ┌──────────────────┐   ┌─────────────┐   »
«q_0 -> 0 ────────┤ X ├─────────┤ U3(π/2,2.8758,0) ├───┤ U1(-2.8758) ├───»
«                 └─┬─┘         ├──────────────────┤   ├─────────────┤   »
«q_1 -> 1 ──────────■───────────┤ U3(π/2,2.8758,π) ├───┤ U1(-2.8758) ├───»
«                               └──────────────────┘   └─────────────┘   »
«q_2 -> 2 ───────────────────────────────────────────────────────────────»
«                                                                        »
«q_3 -> 3 ───────────────────────────────────────────────────────────────»
«         ┌────────────────────┐       ┌───┐                             »
«q_4 -> 4 ┤ U3(1.305,-π/2,π/2) ├───────┤ X ├─────────────────────────────»
«         └──┬─────────────┬───┘       └─┬─┘        ┌───────────────────┐»
«q_5 -> 5 ───┤ U3(π/2,0,0) ├─────────────■──────────┤ U3(-π/2,-π/2,π/2) ├»
«            └─────────────┘                        └───────────────────┘»
«   mm: 6/═══════════════════════════════════════════════════════════════»
«                                                                        »
«         ┌─────────────┐┌──────────────────┐                    »
«q_0 -> 0 ┤ U3(π/2,0,0) ├┤ U3(π/2,-π/2,π/2) ├────────────────────»
«         ├─────────────┤├──────────────────┤                    »
«q_1 -> 1 ┤ U3(π/2,0,0) ├┤ U3(π/2,-π/2,π/2) ├─────────■──────────»
«         └─────────────┘└──────────────────┘       ┌─┴─┐        »
«q_2 -> 2 ──────────────────────────────────────────┤ X ├────────»
«                                                   └───┘        »
«q_3 -> 3 ───────────────────────────────────────────────────────»
«                                            ┌──────────────────┐»
«q_4 -> 4 ────────────────────────■──────────┤ U3(π/2,2.8758,π) ├»
«           ┌─────────┐         ┌─┴─┐        ├──────────────────┤»
«q_5 -> 5 ──┤ U1(π/2) ├─────────┤ X ├────────┤ U3(π/2,2.8758,0) ├»
«           └─────────┘         └───┘        └──────────────────┘»
«   mm: 6/═══════════════════════════════════════════════════════»
«                                                                »
«                                                                      »
«q_0 -> 0 ─────────────────────────────────────────────────■───────────»
«                                                        ┌─┴─┐         »
«q_1 -> 1 ───────────────────────────────X───────────────┤ X ├─────────»
«                                        │       ┌───────┴───┴────────┐»
«q_2 -> 2 ───────────X───────────────────X───────┤ U3(1.305,-π/2,π/2) ├»
«                    │            ┌─────────────┐└────────────────────┘»
«q_3 -> 3 ───────────X────────────┤ U3(π/2,0,0) ├──────────────────────»
«         ┌──────────────────────┐├─────────────┤ ┌──────────────────┐ »
«q_4 -> 4 ┤ U3(-1.9857,-π/2,π/2) ├┤ U1(0.46727) ├─┤ U3(π/2,0,5.6592) ├─»
«         └───┬─────────────┬────┘├─────────────┤ └──────────────────┘ »
«q_5 -> 5 ────┤ U1(-2.8758) ├─────┤ U3(π/2,π,0) ├──────────────────────»
«             └─────────────┘     └─────────────┘                      »
«   mm: 6/═════════════════════════════════════════════════════════════»
«                                                                      »
«         ┌────────────────────┐        ┌───┐                             »
«q_0 -> 0 ┤ U3(1.305,-π/2,π/2) ├────────┤ X ├─────────────────────────────»
«         └──┬─────────────┬───┘        └─┬─┘        ┌───────────────────┐»
«q_1 -> 1 ───┤ U3(π/2,0,0) ├──────────────■──────────┤ U3(-π/2,-π/2,π/2) ├»
«            └────┬───┬────┘                         └───────────────────┘»
«q_2 -> 2 ────────┤ X ├───────────────────────────────────────────────────»
«                 └─┬─┘         ┌───────────────────┐     ┌─────────┐     »
«q_3 -> 3 ──────────■───────────┤ U3(-π/2,-π/2,π/2) ├─────┤ U1(π/2) ├─────»
«          ┌──────────────────┐ └───────────────────┘     └─────────┘     »
«q_4 -> 4 ─┤ U3(π/2,-π/2,π/2) ├───────────────────────────────────────────»
«          └──────────────────┘                                           »
«q_5 -> 5 ────────────────────────────────────────────────────────────────»
«                                                                         »
«   mm: 6/════════════════════════════════════════════════════════════════»
«                                                                         »
«                                          ┌──────────────────┐  »
«q_0 -> 0 ────────────────────■────────────┤ U3(π/2,2.8758,π) ├──»
«         ┌─────────┐       ┌─┴─┐          ├──────────────────┤  »
«q_1 -> 1 ┤ U1(π/2) ├───────┤ X ├──────────┤ U3(π/2,2.8758,0) ├──»
«         └─────────┘┌──────┴───┴───────┐┌─┴──────────────────┴─┐»
«q_2 -> 2 ─────■─────┤ U3(π/2,2.8758,π) ├┤ U3(-1.9857,-π/2,π/2) ├»
«            ┌─┴─┐   ├──────────────────┤└───┬─────────────┬────┘»
«q_3 -> 3 ───┤ X ├───┤ U3(π/2,2.8758,0) ├────┤ U1(-2.8758) ├─────»
«            └───┘   └──────────────────┘    └─────────────┘     »
«q_4 -> 4 ───────────────────────────────────────────────────────»
«                                                                »
«q_5 -> 5 ───────────────────────────────────────────────────────»
«                                                                »
«   mm: 6/═══════════════════════════════════════════════════════»
«                                                                »
«         ┌──────────────────────┐  ┌─────────────┐   ┌──────────────────┐     »
«q_0 -> 0 ┤ U3(-1.9857,-π/2,π/2) ├──┤ U1(0.46727) ├───┤ U3(π/2,π,5.6592) ├─────»
«         └───┬─────────────┬────┘  ├─────────────┤   ├──────────────────┤     »
«q_1 -> 1 ────┤ U1(-2.8758) ├───────┤ U3(π/2,0,0) ├───┤ U3(π/2,-π/2,π/2) ├──■──»
«             ├─────────────┤     ┌─┴─────────────┴──┐└──────────────────┘┌─┴─┐»
«q_2 -> 2 ────┤ U1(0.46727) ├─────┤ U3(π/2,π,5.6592) ├─────────X──────────┤ X ├»
«             ├─────────────┤     └──────────────────┘         │          ├───┤»
«q_3 -> 3 ────┤ U3(π/2,π,0) ├──────────────────────────────────X──────────┤ X ├»
«             └─────────────┘                                             └─┬─┘»
«q_4 -> 4 ──────────────────────────────────────────────────────────────────■──»
«                                                                              »
«q_5 -> 5 ─────────────────────────────────────────────────────────────────────»
«                                                                              »
«   mm: 6/═════════════════════════════════════════════════════════════════════»
«                                                                              »
«                                                                          »
«q_0 -> 0 ─────────────────────────────────────────────────────────────────»
«          ┌────────────────────┐┌───┐                                     »
«q_1 -> 1 ─┤ U3(1.305,-π/2,π/2) ├┤ X ├──────────────────────────────────■──»
«          └──┬─────────────┬───┘└─┬─┘┌───────────────────┐┌─────────┐┌─┴─┐»
«q_2 -> 2 ────┤ U3(π/2,0,0) ├──────■──┤ U3(-π/2,-π/2,π/2) ├┤ U1(π/2) ├┤ X ├»
«             ├─────────────┤         ├───────────────────┤├─────────┤├───┤»
«q_3 -> 3 ────┤ U3(π/2,0,0) ├──────■──┤ U3(-π/2,-π/2,π/2) ├┤ U1(π/2) ├┤ X ├»
«         ┌───┴─────────────┴───┐┌─┴─┐└───────────────────┘└─────────┘└─┬─┘»
«q_4 -> 4 ┤ U3(1.1035,-π/2,π/2) ├┤ X ├──────────────────────────────────■──»
«         └─────────────────────┘└───┘                                     »
«q_5 -> 5 ─────────────────────────────────────────────────────────────────»
«                                                                          »
«   mm: 6/═════════════════════════════════════════════════════════════════»
«                                                                          »
«                                                                »
«q_0 -> 0 ───────────────────────────────────────────────────────»
«         ┌──────────────────┐┌─────────────┐  ┌─────────────┐   »
«q_1 -> 1 ┤ U3(π/2,2.8758,π) ├┤ U1(-2.8758) ├──┤ U3(π/2,0,0) ├───»
«         ├──────────────────┤├─────────────┤  ├─────────────┤   »
«q_2 -> 2 ┤ U3(π/2,2.8758,0) ├┤ U1(-2.8758) ├──┤ U3(π/2,0,0) ├───»
«         ├──────────────────┤├─────────────┤┌─┴─────────────┴──┐»
«q_3 -> 3 ┤ U3(π/2,3.2983,0) ├┤ U1(0.46727) ├┤ U3(π/2,0,5.6592) ├»
«         ├──────────────────┤├─────────────┤├──────────────────┤»
«q_4 -> 4 ┤ U3(π/2,3.2983,π) ├┤ U1(0.46727) ├┤ U3(π/2,0,5.6592) ├»
«         └──────────────────┘└─────────────┘└──────────────────┘»
«q_5 -> 5 ───────────────────────────────────────────────────────»
«                                                                »
«   mm: 6/═══════════════════════════════════════════════════════»
«                                                                »
«                                      ┌───┐    ┌─────────────┐         »
«q_0 -> 0 ─────────────────────────────┤ X ├────┤ U3(π/2,0,0) ├──────■──»
«         ┌──────────────────┐         └─┬─┘┌───┴─────────────┴───┐┌─┴─┐»
«q_1 -> 1 ┤ U3(π/2,-π/2,π/2) ├───────X───■──┤ U3(1.1035,-π/2,π/2) ├┤ X ├»
«         ├──────────────────┤       │      └┬────────────────────┤├───┤»
«q_2 -> 2 ┤ U3(π/2,-π/2,π/2) ├────X──X───■───┤ U3(1.305,-π/2,π/2) ├┤ X ├»
«         ├──────────────────┤    │    ┌─┴─┐ └──┬─────────────┬───┘└─┬─┘»
«q_3 -> 3 ┤ U3(π/2,-π/2,π/2) ├─X──X──X─┤ X ├────┤ U3(π/2,0,0) ├──────■──»
«         ├──────────────────┤ │     │ └───┘    └─────────────┘         »
«q_4 -> 4 ┤ U3(π/2,-π/2,π/2) ├─X──X──X──────────────────────────────────»
«         └──────────────────┘    │                                     »
«q_5 -> 5 ────────────────────────X─────────────────────────────────────»
«                                                                       »
«   mm: 6/══════════════════════════════════════════════════════════════»
«                                                                       »
«         ┌───────────────────┐┌─────────┐┌───┐┌──────────────────┐»
«q_0 -> 0 ┤ U3(-π/2,-π/2,π/2) ├┤ U1(π/2) ├┤ X ├┤ U3(π/2,3.2983,0) ├»
«         └───────────────────┘└─────────┘└─┬─┘├──────────────────┤»
«q_1 -> 1 ──────────────────────────────────■──┤ U3(π/2,3.2983,π) ├»
«                                              ├──────────────────┤»
«q_2 -> 2 ──────────────────────────────────■──┤ U3(π/2,2.8758,π) ├»
«         ┌───────────────────┐┌─────────┐┌─┴─┐├──────────────────┤»
«q_3 -> 3 ┤ U3(-π/2,-π/2,π/2) ├┤ U1(π/2) ├┤ X ├┤ U3(π/2,2.8758,0) ├»
«         └───────────────────┘└─────────┘└───┘└──────────────────┘»
«q_4 -> 4 ─────────────────────────────────────────────────────────»
«                                                                  »
«q_5 -> 5 ─────────────────────────────────────────────────────────»
«                                                                  »
«   mm: 6/═════════════════════════════════════════════════════════»
«                                                                  »
«             ┌─────────────┐     ┌──────────────────┐                       »
«q_0 -> 0 ────┤ U1(0.46727) ├─────┤ U3(π/2,π,5.6592) ├─────────────────────X─»
«             ├─────────────┤     ├──────────────────┤┌──────────────────┐ │ »
«q_1 -> 1 ────┤ U1(0.46727) ├─────┤ U3(π/2,0,5.6592) ├┤ U3(π/2,-π/2,π/2) ├─X─»
«         ┌───┴─────────────┴────┐└─┬─────────────┬──┘├──────────────────┤   »
«q_2 -> 2 ┤ U3(-1.9857,-π/2,π/2) ├──┤ U1(0.46727) ├───┤ U3(π/2,π,5.6592) ├───»
«         └───┬─────────────┬────┘  ├─────────────┤   └──────┬───┬───────┘   »
«q_3 -> 3 ────┤ U1(-2.8758) ├───────┤ U3(π/2,π,0) ├──────────┤ X ├───────────»
«             └─────────────┘       └─────────────┘          └─┬─┘           »
«q_4 -> 4 ─────────────────────────────────────────────────────■─────────────»
«                                                                            »
«q_5 -> 5 ───────────────────────────────────────────────────────────────────»
«                                                                            »
«   mm: 6/═══════════════════════════════════════════════════════════════════»
«                                                                            »
«                                                                           »
«q_0 -> 0 ──────────────────────────────────────────────────────────────────»
«                                                                           »
«q_1 -> 1 ─X────────────────────────────────────────────────────────────────»
«          │    ┌─────────────┐                                             »
«q_2 -> 2 ─X──X─┤ U3(π/2,0,0) ├─────────────────────────────────■───────────»
«             │ └─────────────┘┌────────────────────┐         ┌─┴─┐         »
«q_3 -> 3 ────X────────X───────┤ U3(1.305,-π/2,π/2) ├─────────┤ X ├─────────»
«                      │       └───────┬───┬────────┘    ┌────┴───┴────┐    »
«q_4 -> 4 ─────────────X───────────────┤ X ├─────────────┤ U3(π/2,0,0) ├────»
«                                      └─┬─┘         ┌───┴─────────────┴───┐»
«q_5 -> 5 ───────────────────────────────■───────────┤ U3(1.1035,-π/2,π/2) ├»
«                                                    └─────────────────────┘»
«   mm: 6/══════════════════════════════════════════════════════════════════»
«                                                                           »
«                                                              »
«q_0 -> 0 ─────────────────────────────────────────────────────»
«                                                              »
«q_1 -> 1 ─────────────────────────────────────────────────────»
«         ┌───────────────────┐     ┌─────────┐        ┌───┐   »
«q_2 -> 2 ┤ U3(-π/2,-π/2,π/2) ├─────┤ U1(π/2) ├────────┤ X ├───»
«         └───────────────────┘     └─────────┘        └─┬─┘   »
«q_3 -> 3 ───────────────────────────────────────────────■─────»
«                              ┌───────────────────┐┌─────────┐»
«q_4 -> 4 ──────────■──────────┤ U3(-π/2,-π/2,π/2) ├┤ U1(π/2) ├»
«                 ┌─┴─┐        └───────────────────┘└─────────┘»
«q_5 -> 5 ────────┤ X ├────────────────────────────────────────»
«                 └───┘                                        »
«   mm: 6/═════════════════════════════════════════════════════»
«                                                              »
«                                                                    »
«q_0 -> 0 ───────────────────────────────────────────────────────────»
«                                                                    »
«q_1 -> 1 ───────────────────────────────────────────────────────────»
«         ┌──────────────────┐┌──────────────────────┐┌─────────────┐»
«q_2 -> 2 ┤ U3(π/2,2.8758,0) ├┤ U3(-1.9857,-π/2,π/2) ├┤ U1(0.46727) ├»
«         ├──────────────────┤├──────────────────────┤├─────────────┤»
«q_3 -> 3 ┤ U3(π/2,2.8758,π) ├┤ U3(-1.9857,-π/2,π/2) ├┤ U1(0.46727) ├»
«         └──────┬───┬───────┘└─┬──────────────────┬─┘├─────────────┤»
«q_4 -> 4 ───────┤ X ├──────────┤ U3(π/2,3.2983,0) ├──┤ U1(0.46727) ├»
«                └─┬─┘          ├──────────────────┤  ├─────────────┤»
«q_5 -> 5 ─────────■────────────┤ U3(π/2,3.2983,π) ├──┤ U1(0.46727) ├»
«                               └──────────────────┘  └─────────────┘»
«   mm: 6/═══════════════════════════════════════════════════════════»
«                                                                    »
«                                                      ┌─────────────────────┐»
«q_0 -> 0 ──────────────────────────────────────────■──┤ U3(1.1035,-π/2,π/2) ├»
«                                                 ┌─┴─┐└───┬─────────────┬───┘»
«q_1 -> 1 ─────────────────────────────X──────────┤ X ├────┤ U3(π/2,0,0) ├────»
«         ┌──────────────────┐         │          └───┘    └────┬───┬────┘    »
«q_2 -> 2 ┤ U3(π/2,π,5.6592) ├─────────X────────────────────────┤ X ├─────────»
«         ├──────────────────┤                                  └─┬─┘         »
«q_3 -> 3 ┤ U3(π/2,π,5.6592) ├──────────────────────X─────────────■───────────»
«         ├──────────────────┤┌──────────────────┐  │           ┌───┐         »
«q_4 -> 4 ┤ U3(π/2,0,5.6592) ├┤ U3(π/2,-π/2,π/2) ├──X───────────┤ X ├─────────»
«         ├──────────────────┤├──────────────────┤              └─┬─┘         »
«q_5 -> 5 ┤ U3(π/2,0,5.6592) ├┤ U3(π/2,-π/2,π/2) ├────────────────■───────────»
«         └──────────────────┘└──────────────────┘                            »
«   mm: 6/════════════════════════════════════════════════════════════════════»
«                                                                             »
«                  ┌───┐                                                   »
«q_0 -> 0 ─────────┤ X ├───────────────────────────────────────────────────»
«                  └─┬─┘         ┌───────────────────┐     ┌─────────┐     »
«q_1 -> 1 ───────────■───────────┤ U3(-π/2,-π/2,π/2) ├─────┤ U1(π/2) ├─────»
«             ┌─────────────┐    └───────────────────┘┌────┴─────────┴────┐»
«q_2 -> 2 ────┤ U3(π/2,0,0) ├──────────────■──────────┤ U3(-π/2,-π/2,π/2) ├»
«         ┌───┴─────────────┴───┐        ┌─┴─┐        └───────────────────┘»
«q_3 -> 3 ┤ U3(1.1035,-π/2,π/2) ├────────┤ X ├─────────────────────────────»
«         └───┬─────────────┬───┘        └───┘        ┌───────────────────┐»
«q_4 -> 4 ────┤ U3(π/2,0,0) ├──────────────■──────────┤ U3(-π/2,-π/2,π/2) ├»
«         ┌───┴─────────────┴───┐        ┌─┴─┐        └───────────────────┘»
«q_5 -> 5 ┤ U3(1.1035,-π/2,π/2) ├────────┤ X ├─────────────────────────────»
«         └─────────────────────┘        └───┘                             »
«   mm: 6/═════════════════════════════════════════════════════════════════»
«                                                                          »
«                    ┌──────────────────┐┌─────────────────────┐»
«q_0 -> 0 ─────■─────┤ U3(π/2,3.2983,π) ├┤ U3(-2.108,-π/2,π/2) ├»
«            ┌─┴─┐   ├──────────────────┤└───┬─────────────┬───┘»
«q_1 -> 1 ───┤ X ├───┤ U3(π/2,3.2983,0) ├────┤ U1(0.46727) ├────»
«         ┌──┴───┴──┐└──────┬───┬───────┘  ┌─┴─────────────┴──┐ »
«q_2 -> 2 ┤ U1(π/2) ├───────┤ X ├──────────┤ U3(π/2,3.2983,0) ├─»
«         └─────────┘       └─┬─┘          ├──────────────────┤ »
«q_3 -> 3 ────────────────────■────────────┤ U3(π/2,3.2983,π) ├─»
«         ┌─────────┐       ┌───┐          ├──────────────────┤ »
«q_4 -> 4 ┤ U1(π/2) ├───────┤ X ├──────────┤ U3(π/2,3.2983,0) ├─»
«         └─────────┘       └─┬─┘          ├──────────────────┤ »
«q_5 -> 5 ────────────────────■────────────┤ U3(π/2,3.2983,π) ├─»
«                                          └──────────────────┘ »
«   mm: 6/══════════════════════════════════════════════════════»
«                                                               »
«                                ┌─┐                                           »
«q_0 -> 0 ───────────────────────┤M├───────────────────────────────────────────»
«           ┌──────────────────┐ └╥┘                                           »
«q_1 -> 1 ──┤ U3(π/2,π,5.6592) ├──╫────────────────────────────────────────────»
«           └─┬─────────────┬──┘  ║ ┌──────────────────┐┌──────────────────┐   »
«q_2 -> 2 ────┤ U1(0.46727) ├─────╫─┤ U3(π/2,0,5.6592) ├┤ U3(π/2,-π/2,π/2) ├───»
«         ┌───┴─────────────┴───┐ ║ └──────────────────┘└───────┬─┬────────┘   »
«q_3 -> 3 ┤ U3(-2.108,-π/2,π/2) ├─╫─────────────────────────────┤M├──────────X─»
«         └───┬─────────────┬───┘ ║ ┌──────────────────┐        └╥┘          │ »
«q_4 -> 4 ────┤ U1(0.46727) ├─────╫─┤ U3(π/2,π,5.6592) ├─────────╫───────────X─»
«         ┌───┴─────────────┴───┐ ║ └───────┬─┬────────┘         ║             »
«q_5 -> 5 ┤ U3(-2.108,-π/2,π/2) ├─╫─────────┤M├──────────────────╫─────────────»
«         └─────────────────────┘ ║         └╥┘                  ║             »
«   mm: 6/════════════════════════╩══════════╩═══════════════════╩═════════════»
«                                 0          1                   2             »
«                                                                          »
«q_0 -> 0 ─────────────────────────────────────────────────────────────────»
«                                                                          »
«q_1 -> 1 ─────────────────────────────────────────────────────────────────»
«              ┌─────────────────────┐┌───┐                                »
«q_2 -> 2 ──■──┤ U3(1.1035,-π/2,π/2) ├┤ X ├────────────────────────────────»
«         ┌─┴─┐└───┬─────────────┬───┘└─┬─┘┌───────────────────┐┌─────────┐»
«q_3 -> 3 ┤ X ├────┤ U3(π/2,0,0) ├──────■──┤ U3(-π/2,-π/2,π/2) ├┤ U1(π/2) ├»
«         └───┘    └─────────────┘         └───────────────────┘└─────────┘»
«q_4 -> 4 ─────────────────────────────────────────────────────────────────»
«                                                                          »
«q_5 -> 5 ─────────────────────────────────────────────────────────────────»
«                                                                          »
«   mm: 6/═════════════════════════════════════════════════════════════════»
«                                                                          »
«                                                                     »
«q_0 -> 0 ────────────────────────────────────────────────────────────»
«                                                                     »
«q_1 -> 1 ────────────────────────────────────────────────────────────»
«              ┌──────────────────┐┌─────────────┐┌──────────────────┐»
«q_2 -> 2 ──■──┤ U3(π/2,3.2983,π) ├┤ U1(0.46727) ├┤ U3(π/2,0,5.6592) ├»
«         ┌─┴─┐├──────────────────┤├─────────────┤├──────────────────┤»
«q_3 -> 3 ┤ X ├┤ U3(π/2,3.2983,0) ├┤ U1(0.46727) ├┤ U3(π/2,0,5.6592) ├»
«         └───┘└──────────────────┘└─────────────┘└──────────────────┘»
«q_4 -> 4 ────────────────────────────────────────────────────────────»
«                                                                     »
«q_5 -> 5 ────────────────────────────────────────────────────────────»
«                                                                     »
«   mm: 6/════════════════════════════════════════════════════════════»
«                                                                     »
«                                                              »
«q_0 -> 0 ─────────────────────────────────────────────────────»
«                             ┌───┐    ┌─────────────┐         »
«q_1 -> 1 ────────────────────┤ X ├────┤ U3(π/2,0,0) ├──────■──»
«         ┌──────────────────┐└─┬─┘┌───┴─────────────┴───┐┌─┴─┐»
«q_2 -> 2 ┤ U3(π/2,-π/2,π/2) ├──■──┤ U3(1.1035,-π/2,π/2) ├┤ X ├»
«         ├──────────────────┤     └─────────────────────┘└───┘»
«q_3 -> 3 ┤ U3(π/2,-π/2,π/2) ├─────────────────────────────────»
«         └──────────────────┘                                 »
«q_4 -> 4 ─────────────────────────────────────────────────────»
«                                                              »
«q_5 -> 5 ─────────────────────────────────────────────────────»
«                                                              »
«   mm: 6/═════════════════════════════════════════════════════»
«                                                              »
«                                                                  »
«q_0 -> 0 ─────────────────────────────────────────────────────────»
«         ┌───────────────────┐┌─────────┐┌───┐┌──────────────────┐»
«q_1 -> 1 ┤ U3(-π/2,-π/2,π/2) ├┤ U1(π/2) ├┤ X ├┤ U3(π/2,3.2983,0) ├»
«         └───────────────────┘└─────────┘└─┬─┘├──────────────────┤»
«q_2 -> 2 ──────────────────────────────────■──┤ U3(π/2,3.2983,π) ├»
«                                              └──────────────────┘»
«q_3 -> 3 ─────────────────────────────────────────────────────────»
«                                                                  »
«q_4 -> 4 ─────────────────────────────────────────────────────────»
«                                                                  »
«q_5 -> 5 ─────────────────────────────────────────────────────────»
«                                                                  »
«   mm: 6/═════════════════════════════════════════════════════════»
«                                                                  »
«                                                            »
«q_0 -> 0 ───────────────────────────────────────────────────»
«             ┌─────────────┐    ┌──────────────────┐   ┌───┐»
«q_1 -> 1 ────┤ U1(0.46727) ├────┤ U3(π/2,π,5.6592) ├───┤ X ├»
«         ┌───┴─────────────┴───┐└───────┬─┬────────┘   └─┬─┘»
«q_2 -> 2 ┤ U3(-2.108,-π/2,π/2) ├────────┤M├──────────X───■──»
«         └─────────────────────┘        └╥┘          │      »
«q_3 -> 3 ────────────────────────────────╫───────────X──────»
«                                         ║                  »
«q_4 -> 4 ────────────────────────────────╫──────────────────»
«                                         ║                  »
«q_5 -> 5 ────────────────────────────────╫──────────────────»
«                                         ║                  »
«   mm: 6/════════════════════════════════╩══════════════════»
«                                         4                  »
«                                                                          »
«q_0 -> 0 ─────────────────────────────────────────────────────────────────»
«             ┌─────────────┐         ┌───────────────────┐┌─────────┐┌───┐»
«q_1 -> 1 ────┤ U3(π/2,0,0) ├──────■──┤ U3(-π/2,-π/2,π/2) ├┤ U1(π/2) ├┤ X ├»
«         ┌───┴─────────────┴───┐┌─┴─┐└───────────────────┘└─────────┘└─┬─┘»
«q_2 -> 2 ┤ U3(1.1035,-π/2,π/2) ├┤ X ├──────────────────────────────────■──»
«         └─────────────────────┘└───┘                                     »
«q_3 -> 3 ─────────────────────────────────────────────────────────────────»
«                                                                          »
«q_4 -> 4 ─────────────────────────────────────────────────────────────────»
«                                                                          »
«q_5 -> 5 ─────────────────────────────────────────────────────────────────»
«                                                                          »
«   mm: 6/═════════════════════════════════════════════════════════════════»
«                                                                          »
«                                                          
«q_0 -> 0 ─────────────────────────────────────────────────
«         ┌──────────────────┐┌─────────────────────┐   ┌─┐
«q_1 -> 1 ┤ U3(π/2,3.2983,0) ├┤ U3(-2.108,-π/2,π/2) ├───┤M├
«         ├──────────────────┤├─────────────────────┤┌─┐└╥┘
«q_2 -> 2 ┤ U3(π/2,3.2983,π) ├┤ U3(-2.108,-π/2,π/2) ├┤M├─╫─
«         └──────────────────┘└─────────────────────┘└╥┘ ║ 
«q_3 -> 3 ────────────────────────────────────────────╫──╫─
«                                                     ║  ║ 
«q_4 -> 4 ────────────────────────────────────────────╫──╫─
«                                                     ║  ║ 
«q_5 -> 5 ────────────────────────────────────────────╫──╫─
«                                                     ║  ║ 
«   mm: 6/════════════════════════════════════════════╩══╩═
«                                                     3  5 
(141.0, 145.0, 141.0, 126.0, 0.05946060600000003, 0.23319805699999985)
