---------------------------------------
Begin PBS Prologue Tue Nov 16 13:18:07 EST 2021
Job ID:     3542641.sched-torque.pace.gatech.edu
User ID:    svittal8
Job name:   weber_noisy_sim
Queue:      inferno
End PBS Prologue Tue Nov 16 13:18:07 EST 2021
---------------------------------------
cwd:/storage/coda1/p-mqureshi4/0/svittal8/foresight/routing/mpath/src
Config:
	workload=bv8to15, backend=weber, runs=10
	flags=--nomem --noisy
	output directory=noisy_sim_results/2021Nov16_13:18:08/bv8to15
/storage/coda1/p-mqureshi4/0/svittal8/foresight/routing/mpath/src/venv/lib64/python3.6/site-packages/qiskit/__init__.py:66: DeprecationWarning: Using Qiskit with Python 3.6 is deprecated as of qiskit-terra 0.17.0. Support for running Qiskit with Python 3.6 will be removed in qiskit-terra 0.20.0.
  DeprecationWarning,
Config:
	mode: bv8to15
	coupling style: weber
	runs: 10
[bv_n13.qasm]
	Benchmark Logging:
		size, depth = 46 12
		(sabre start.)
		(sabre done.)
		(foresight start.)
		(foresight done.)
		(sabre start.)
		(sabre done.)
		(foresight start.)
		(foresight done.)
		(sabre start.)
		(sabre done.)
		(foresight start.)
		(foresight done.)
		(sabre start.)
		(sabre done.)
		(foresight start.)
		(foresight done.)
		(sabre start.)
		(sabre done.)
		(foresight start.)
		(foresight done.)
		(sabre start.)
		(sabre done.)
		(foresight start.)
		(foresight done.)
		(sabre start.)
		(sabre done.)
		(foresight start.)
		(foresight done.)
		(sabre start.)
		(sabre done.)
		(foresight start.)
		(foresight done.)
		(sabre start.)
		(sabre done.)
		(foresight start.)
		(foresight done.)
		(sabre start.)
		(sabre done.)
		(foresight start.)
		(foresight done.)
		(A* start.)
		(A* done.)
	Original CNOTs: 8.000
	SABRE CNOTs: 14.000
	SABRE Depth: 20.000
	SABRE Time: 0.008
	ForeSight CNOTs: 14.000
	ForeSight Depth: 20.000
	ForeSight Time: 0.011
	SABRE TVD: 0.369
	ForeSight TVD: 0.437
	Relative TVD: 1.187
	A* CNOTs: 17.000
	A* Depth: 20.000
	A* Time: 0.020
	A* Memory: 3.689
[bv_n14.qasm]
	Benchmark Logging:
		size, depth = 49 12
		(sabre start.)
		(sabre done.)
		(foresight start.)
		(foresight done.)
		(sabre start.)
		(sabre done.)
		(foresight start.)
		(foresight done.)
		(sabre start.)
		(sabre done.)
		(foresight start.)
		(foresight done.)
		(sabre start.)
		(sabre done.)
		(foresight start.)
		(foresight done.)
		(sabre start.)
		(sabre done.)
		(foresight start.)
		(foresight done.)
		(sabre start.)
		(sabre done.)
		(foresight start.)
		(foresight done.)
		(sabre start.)
		(sabre done.)
		(foresight start.)
		(foresight done.)
		(sabre start.)
		(sabre done.)
		(foresight start.)
		(foresight done.)
		(sabre start.)
		(sabre done.)
		(foresight start.)
		(foresight done.)
		(sabre start.)
		(sabre done.)
		(foresight start.)
		(foresight done.)
		(A* start.)
		(A* done.)
	Original CNOTs: 8.000
	SABRE CNOTs: 17.000
	SABRE Depth: 23.000
	SABRE Time: 0.100
	ForeSight CNOTs: 17.000
	ForeSight Depth: 22.000
	ForeSight Time: 0.033
	SABRE TVD: 0.211
	ForeSight TVD: 0.202
	Relative TVD: 0.957
	A* CNOTs: 17.000
	A* Depth: 21.000
	A* Time: 0.024
	A* Memory: 2.636
[bv_n12.qasm]
	Benchmark Logging:
		size, depth = 41 10
		(sabre start.)
		(sabre done.)
		(foresight start.)
		(foresight done.)
		(sabre start.)
		(sabre done.)
		(foresight start.)
		(foresight done.)
		(sabre start.)
		(sabre done.)
		(foresight start.)
		(foresight done.)
		(sabre start.)
		(sabre done.)
		(foresight start.)
		(foresight done.)
		(sabre start.)
		(sabre done.)
		(foresight start.)
		(foresight done.)
		(sabre start.)
		(sabre done.)
		(foresight start.)
		(foresight done.)
		(sabre start.)
		(sabre done.)
		(foresight start.)
		(foresight done.)
		(sabre start.)
		(sabre done.)
		(foresight start.)
		(foresight done.)
		(sabre start.)
		(sabre done.)
		(foresight start.)
		(foresight done.)
		(sabre start.)
		(sabre done.)
		(foresight start.)
		(foresight done.)
		(A* start.)
		(A* done.)
	Original CNOTs: 6.000
	SABRE CNOTs: 12.000
	SABRE Depth: 18.000
	SABRE Time: 0.008
	ForeSight CNOTs: 12.000
	ForeSight Depth: 17.000
	ForeSight Time: 0.011
	SABRE TVD: 0.137
	ForeSight TVD: 0.165
	Relative TVD: 1.207
	A* CNOTs: 12.000
	A* Depth: 15.000
	A* Time: 0.010
	A* Memory: 2.560
[bv_n8.qasm]
	Benchmark Logging:
		size, depth = 28 9
		(sabre start.)
		(sabre done.)
		(foresight start.)
		(foresight done.)
		(sabre start.)
		(sabre done.)
		(foresight start.)
		(foresight done.)
		(sabre start.)
		(sabre done.)
		(foresight start.)
		(foresight done.)
		(sabre start.)
		(sabre done.)
		(foresight start.)
		(foresight done.)
		(sabre start.)
		(sabre done.)
		(foresight start.)
		(foresight done.)
		(sabre start.)
		(sabre done.)
		(foresight start.)
		(foresight done.)
		(sabre start.)
		(sabre done.)
		(foresight start.)
		(foresight done.)
		(sabre start.)
		(sabre done.)
		(foresight start.)
		(foresight done.)
		(sabre start.)
		(sabre done.)
		(foresight start.)
		(foresight done.)
		(sabre start.)
		(sabre done.)
		(foresight start.)
		(foresight done.)
		(A* start.)
		(A* done.)
	Original CNOTs: 5.000
	SABRE CNOTs: 8.000
	SABRE Depth: 13.000
	SABRE Time: 0.006
	ForeSight CNOTs: 8.000
	ForeSight Depth: 13.000
	ForeSight Time: 0.023
	SABRE TVD: 0.106
	ForeSight TVD: 0.101
	Relative TVD: 0.953
	A* CNOTs: 8.000
	A* Depth: 12.000
	A* Time: 0.010
	A* Memory: 2.470
[bv_n15.qasm]
	Benchmark Logging:
		size, depth = 51 11
		(sabre start.)
		(sabre done.)
		(foresight start.)
		(foresight done.)
		(sabre start.)
		(sabre done.)
		(foresight start.)
		(foresight done.)
		(sabre start.)
		(sabre done.)
		(foresight start.)
		(foresight done.)
		(sabre start.)
		(sabre done.)
		(foresight start.)
		(foresight done.)
		(sabre start.)
		(sabre done.)
		(foresight start.)
		(foresight done.)
		(sabre start.)
		(sabre done.)
		(foresight start.)
		(foresight done.)
		(sabre start.)
		(sabre done.)
		(foresight start.)
		(foresight done.)
		(sabre start.)
		(sabre done.)
		(foresight start.)
		(foresight done.)
		(sabre start.)
		(sabre done.)
		(foresight start.)
		(foresight done.)
		(sabre start.)
		(sabre done.)
		(foresight start.)
		(foresight done.)
		(A* start.)
		(A* done.)
	Original CNOTs: 7.000
	SABRE CNOTs: 13.000
	SABRE Depth: 19.000
	SABRE Time: 0.009
	ForeSight CNOTs: 13.000
	ForeSight Depth: 18.000
	ForeSight Time: 0.011
	SABRE TVD: 0.258
	ForeSight TVD: 0.306
	Relative TVD: 1.186
	A* CNOTs: 13.000
	A* Depth: 17.000
	A* Time: 0.028
	A* Memory: 2.613
[bv_n10.qasm]
	Benchmark Logging:
		size, depth = 35 10
		(sabre start.)
		(sabre done.)
		(foresight start.)
		(foresight done.)
		(sabre start.)
		(sabre done.)
		(foresight start.)
		(foresight done.)
		(sabre start.)
		(sabre done.)
		(foresight start.)
		(foresight done.)
		(sabre start.)
		(sabre done.)
		(foresight start.)
		(foresight done.)
		(sabre start.)
		(sabre done.)
		(foresight start.)
		(foresight done.)
		(sabre start.)
		(sabre done.)
		(foresight start.)
		(foresight done.)
		(sabre start.)
		(sabre done.)
		(foresight start.)
		(foresight done.)
		(sabre start.)
		(sabre done.)
		(foresight start.)
		(foresight done.)
		(sabre start.)
		(sabre done.)
		(foresight start.)
		(foresight done.)
		(sabre start.)
		(sabre done.)
		(foresight start.)
		(foresight done.)
		(A* start.)
		(A* done.)
	Original CNOTs: 6.000
	SABRE CNOTs: 12.000
	SABRE Depth: 18.000
	SABRE Time: 0.007
	ForeSight CNOTs: 12.000
	ForeSight Depth: 18.000
	ForeSight Time: 0.016
	SABRE TVD: 0.168
	ForeSight TVD: 0.163
	Relative TVD: 0.967
	A* CNOTs: 12.000
	A* Depth: 15.000
	A* Time: 0.011
	A* Memory: 2.530
[bv_n11.qasm]
	Benchmark Logging:
		size, depth = 40 12
		(sabre start.)
		(sabre done.)
		(foresight start.)
		(foresight done.)
		(sabre start.)
		(sabre done.)
		(foresight start.)
		(foresight done.)
		(sabre start.)
		(sabre done.)
		(foresight start.)
		(foresight done.)
		(sabre start.)
		(sabre done.)
		(foresight start.)
		(foresight done.)
		(sabre start.)
		(sabre done.)
		(foresight start.)
		(foresight done.)
		(sabre start.)
		(sabre done.)
		(foresight start.)
		(foresight done.)
		(sabre start.)
		(sabre done.)
		(foresight start.)
		(foresight done.)
		(sabre start.)
		(sabre done.)
		(foresight start.)
		(foresight done.)
		(sabre start.)
		(sabre done.)
		(foresight start.)
		(foresight done.)
		(sabre start.)
		(sabre done.)
		(foresight start.)
		(foresight done.)
		(A* start.)
		(A* done.)
	Original CNOTs: 8.000
	SABRE CNOTs: 17.000
	SABRE Depth: 19.000
	SABRE Time: 0.009
	ForeSight CNOTs: 17.000
	ForeSight Depth: 19.000
	ForeSight Time: 0.013
	SABRE TVD: 0.273
	ForeSight TVD: 0.218
	Relative TVD: 0.799
	A* CNOTs: 17.000
	A* Depth: 21.000
	A* Time: 0.010
	A* Memory: 2.598
[bv_n9.qasm]
	Benchmark Logging:
		size, depth = 29 7
		(sabre start.)
		(sabre done.)
		(foresight start.)
		(foresight done.)
		(sabre start.)
		(sabre done.)
		(foresight start.)
		(foresight done.)
		(sabre start.)
		(sabre done.)
		(foresight start.)
		(foresight done.)
		(sabre start.)
		(sabre done.)
		(foresight start.)
		(foresight done.)
		(sabre start.)
		(sabre done.)
		(foresight start.)
		(foresight done.)
		(sabre start.)
		(sabre done.)
		(foresight start.)
		(foresight done.)
		(sabre start.)
		(sabre done.)
		(foresight start.)
		(foresight done.)
		(sabre start.)
		(sabre done.)
		(foresight start.)
		(foresight done.)
		(sabre start.)
		(sabre done.)
		(foresight start.)
		(foresight done.)
		(sabre start.)
		(sabre done.)
		(foresight start.)
		(foresight done.)
		(A* start.)
		(A* done.)
	Original CNOTs: 3.000
	SABRE CNOTs: 3.000
	SABRE Depth: 7.000
	SABRE Time: 0.005
	ForeSight CNOTs: 3.000
	ForeSight Depth: 7.000
	ForeSight Time: 0.004
	SABRE TVD: 0.088
	ForeSight TVD: 0.099
	Relative TVD: 1.130
	A* CNOTs: 6.000
	A* Depth: 10.000
	A* Time: 0.009
	A* Memory: 2.446
---------------------------------------
Begin PBS Epilogue Tue Nov 16 13:20:15 EST 2021
Job ID:     3542641.sched-torque.pace.gatech.edu
User ID:    svittal8
Job name:   weber_noisy_sim
Resources:  nodes=2:ppn=8,mem=32gb,walltime=01:30:00,neednodes=2:ppn=8
Rsrc Used:  cput=00:17:35,vmem=4971728kb,walltime=00:02:08,mem=186400kb,energy_used=0
Queue:      inferno
Nodes:     
atl1-1-02-007-21-r.pace.gatech.edu
End PBS Epilogue Tue Nov 16 13:20:15 EST 2021
---------------------------------------
---------------------------------------
Begin PBS Prologue Tue Nov 16 13:22:18 EST 2021
Job ID:     3542686.sched-torque.pace.gatech.edu
User ID:    svittal8
Job name:   weber_noisy_sim
Queue:      inferno
End PBS Prologue Tue Nov 16 13:22:18 EST 2021
---------------------------------------
cwd:/storage/coda1/p-mqureshi4/0/svittal8/foresight/routing/mpath/src
Config:
	workload=bv8to15, backend=weber, runs=10
	flags=--nomem --noisy
	output directory=noisy_sim_results/2021Nov16_13:22:18/bv8to15
/storage/coda1/p-mqureshi4/0/svittal8/foresight/routing/mpath/src/venv/lib64/python3.6/site-packages/qiskit/__init__.py:66: DeprecationWarning: Using Qiskit with Python 3.6 is deprecated as of qiskit-terra 0.17.0. Support for running Qiskit with Python 3.6 will be removed in qiskit-terra 0.20.0.
  DeprecationWarning,
Config:
	mode: bv8to15
	coupling style: weber
	runs: 10
[bv_n13.qasm]
	Benchmark Logging:
		size, depth = 46 12
		(sabre start.)
		(sabre done.)
		(foresight start.)
		(foresight done.)
		(sabre start.)
		(sabre done.)
		(foresight start.)
		(foresight done.)
		(sabre start.)
		(sabre done.)
		(foresight start.)
		(foresight done.)
		(sabre start.)
		(sabre done.)
		(foresight start.)
		(foresight done.)
		(sabre start.)
		(sabre done.)
		(foresight start.)
		(foresight done.)
		(sabre start.)
		(sabre done.)
		(foresight start.)
		(foresight done.)
		(sabre start.)
		(sabre done.)
		(foresight start.)
		(foresight done.)
		(sabre start.)
		(sabre done.)
		(foresight start.)
		(foresight done.)
		(sabre start.)
		(sabre done.)
		(foresight start.)
		(foresight done.)
		(sabre start.)
		(sabre done.)
		(foresight start.)
		(foresight done.)
		(A* start.)
		(A* done.)
	Original CNOTs: 8.000
	SABRE CNOTs: 14.000
	SABRE Depth: 20.000
	SABRE Time: 0.008
	ForeSight CNOTs: 14.000
	ForeSight Depth: 19.000
	ForeSight Time: 0.014
	SABRE TVD: 0.262
	ForeSight TVD: 0.238
	Relative TVD: 0.906
	A* CNOTs: 17.000
	A* Depth: 20.000
	A* Time: 0.020
	A* Memory: 3.689
[bv_n14.qasm]
	Benchmark Logging:
		size, depth = 49 12
		(sabre start.)
		(sabre done.)
		(foresight start.)
		(foresight done.)
		(sabre start.)
		(sabre done.)
		(foresight start.)
		(foresight done.)
		(sabre start.)
		(sabre done.)
		(foresight start.)
		(foresight done.)
		(sabre start.)
		(sabre done.)
		(foresight start.)
		(foresight done.)
		(sabre start.)
		(sabre done.)
		(foresight start.)
		(foresight done.)
		(sabre start.)
		(sabre done.)
		(foresight start.)
		(foresight done.)
		(sabre start.)
		(sabre done.)
		(foresight start.)
		(foresight done.)
		(sabre start.)
		(sabre done.)
		(foresight start.)
		(foresight done.)
		(sabre start.)
		(sabre done.)
		(foresight start.)
		(foresight done.)
		(sabre start.)
		(sabre done.)
		(foresight start.)
		(foresight done.)
		(A* start.)
		(A* done.)
	Original CNOTs: 8.000
	SABRE CNOTs: 14.000
	SABRE Depth: 20.000
	SABRE Time: 0.009
	ForeSight CNOTs: 14.000
	ForeSight Depth: 19.000
	ForeSight Time: 0.011
	SABRE TVD: 0.160
	ForeSight TVD: 0.179
	Relative TVD: 1.121
	A* CNOTs: 17.000
	A* Depth: 21.000
	A* Time: 0.026
	A* Memory: 2.636
[bv_n12.qasm]
	Benchmark Logging:
		size, depth = 41 10
		(sabre start.)
		(sabre done.)
		(foresight start.)
		(foresight done.)
		(sabre start.)
		(sabre done.)
		(foresight start.)
		(foresight done.)
		(sabre start.)
		(sabre done.)
		(foresight start.)
		(foresight done.)
		(sabre start.)
		(sabre done.)
		(foresight start.)
		(foresight done.)
		(sabre start.)
		(sabre done.)
		(foresight start.)
		(foresight done.)
		(sabre start.)
		(sabre done.)
		(foresight start.)
		(foresight done.)
		(sabre start.)
		(sabre done.)
		(foresight start.)
		(foresight done.)
		(sabre start.)
		(sabre done.)
		(foresight start.)
		(foresight done.)
		(sabre start.)
		(sabre done.)
		(foresight start.)
		(foresight done.)
		(sabre start.)
		(sabre done.)
		(foresight start.)
		(foresight done.)
		(A* start.)
		(A* done.)
	Original CNOTs: 6.000
	SABRE CNOTs: 12.000
	SABRE Depth: 17.000
	SABRE Time: 0.008
	ForeSight CNOTs: 12.000
	ForeSight Depth: 17.000
	ForeSight Time: 0.008
	SABRE TVD: 0.234
	ForeSight TVD: 0.219
	Relative TVD: 0.938
	A* CNOTs: 12.000
	A* Depth: 15.000
	A* Time: 0.025
	A* Memory: 2.560
[bv_n8.qasm]
	Benchmark Logging:
		size, depth = 28 9
		(sabre start.)
		(sabre done.)
		(foresight start.)
		(foresight done.)
		(sabre start.)
		(sabre done.)
		(foresight start.)
		(foresight done.)
		(sabre start.)
		(sabre done.)
		(foresight start.)
		(foresight done.)
		(sabre start.)
		(sabre done.)
		(foresight start.)
		(foresight done.)
		(sabre start.)
		(sabre done.)
		(foresight start.)
		(foresight done.)
		(sabre start.)
		(sabre done.)
		(foresight start.)
		(foresight done.)
		(sabre start.)
		(sabre done.)
		(foresight start.)
		(foresight done.)
		(sabre start.)
		(sabre done.)
		(foresight start.)
		(foresight done.)
		(sabre start.)
		(sabre done.)
		(foresight start.)
		(foresight done.)
		(sabre start.)
		(sabre done.)
		(foresight start.)
		(foresight done.)
		(A* start.)
		(A* done.)
	Original CNOTs: 5.000
	SABRE CNOTs: 8.000
	SABRE Depth: 14.000
	SABRE Time: 0.006
	ForeSight CNOTs: 8.000
	ForeSight Depth: 13.000
	ForeSight Time: 0.006
	SABRE TVD: 0.133
	ForeSight TVD: 0.139
	Relative TVD: 1.042
	A* CNOTs: 8.000
	A* Depth: 12.000
	A* Time: 0.010
	A* Memory: 2.470
[bv_n15.qasm]
	Benchmark Logging:
		size, depth = 51 11
		(sabre start.)
		(sabre done.)
		(foresight start.)
		(foresight done.)
		(sabre start.)
		(sabre done.)
		(foresight start.)
		(foresight done.)
		(sabre start.)
		(sabre done.)
		(foresight start.)
		(foresight done.)
		(sabre start.)
		(sabre done.)
		(foresight start.)
		(foresight done.)
		(sabre start.)
		(sabre done.)
		(foresight start.)
		(foresight done.)
		(sabre start.)
		(sabre done.)
		(foresight start.)
		(foresight done.)
		(sabre start.)
		(sabre done.)
		(foresight start.)
		(foresight done.)
		(sabre start.)
		(sabre done.)
		(foresight start.)
		(foresight done.)
		(sabre start.)
		(sabre done.)
		(foresight start.)
		(foresight done.)
		(sabre start.)
		(sabre done.)
		(foresight start.)
		(foresight done.)
		(A* start.)
		(A* done.)
	Original CNOTs: 7.000
	SABRE CNOTs: 13.000
	SABRE Depth: 17.000
	SABRE Time: 0.009
	ForeSight CNOTs: 13.000
	ForeSight Depth: 17.000
	ForeSight Time: 0.029
	SABRE TVD: 0.222
	ForeSight TVD: 0.230
	Relative TVD: 1.037
	A* CNOTs: 13.000
	A* Depth: 17.000
	A* Time: 0.025
	A* Memory: 2.613
[bv_n10.qasm]
	Benchmark Logging:
		size, depth = 35 10
		(sabre start.)
		(sabre done.)
		(foresight start.)
		(foresight done.)
		(sabre start.)
		(sabre done.)
		(foresight start.)
		(foresight done.)
		(sabre start.)
		(sabre done.)
		(foresight start.)
		(foresight done.)
		(sabre start.)
		(sabre done.)
		(foresight start.)
		(foresight done.)
		(sabre start.)
		(sabre done.)
		(foresight start.)
		(foresight done.)
		(sabre start.)
		(sabre done.)
		(foresight start.)
		(foresight done.)
		(sabre start.)
		(sabre done.)
		(foresight start.)
		(foresight done.)
		(sabre start.)
		(sabre done.)
		(foresight start.)
		(foresight done.)
		(sabre start.)
		(sabre done.)
		(foresight start.)
		(foresight done.)
		(sabre start.)
		(sabre done.)
		(foresight start.)
		(foresight done.)
		(A* start.)
		(A* done.)
	Original CNOTs: 6.000
	SABRE CNOTs: 9.000
	SABRE Depth: 13.000
	SABRE Time: 0.006
	ForeSight CNOTs: 9.000
	ForeSight Depth: 13.000
	ForeSight Time: 0.027
	SABRE TVD: 0.136
	ForeSight TVD: 0.130
	Relative TVD: 0.956
	A* CNOTs: 12.000
	A* Depth: 15.000
	A* Time: 0.010
	A* Memory: 2.530
[bv_n11.qasm]
	Benchmark Logging:
		size, depth = 40 12
		(sabre start.)
		(sabre done.)
		(foresight start.)
		(foresight done.)
		(sabre start.)
		(sabre done.)
		(foresight start.)
		(foresight done.)
		(sabre start.)
		(sabre done.)
		(foresight start.)
		(foresight done.)
		(sabre start.)
		(sabre done.)
		(foresight start.)
		(foresight done.)
		(sabre start.)
		(sabre done.)
		(foresight start.)
		(foresight done.)
		(sabre start.)
		(sabre done.)
		(foresight start.)
		(foresight done.)
		(sabre start.)
		(sabre done.)
		(foresight start.)
		(foresight done.)
		(sabre start.)
		(sabre done.)
		(foresight start.)
		(foresight done.)
		(sabre start.)
		(sabre done.)
		(foresight start.)
		(foresight done.)
		(sabre start.)
		(sabre done.)
		(foresight start.)
		(foresight done.)
		(A* start.)
		(A* done.)
	Original CNOTs: 8.000
	SABRE CNOTs: 14.000
	SABRE Depth: 19.000
	SABRE Time: 0.008
	ForeSight CNOTs: 17.000
	ForeSight Depth: 22.000
	ForeSight Time: 0.017
	SABRE TVD: 0.224
	ForeSight TVD: 0.226
	Relative TVD: 1.012
	A* CNOTs: 17.000
	A* Depth: 21.000
	A* Time: 0.010
	A* Memory: 2.598
[bv_n9.qasm]
	Benchmark Logging:
		size, depth = 29 7
		(sabre start.)
		(sabre done.)
		(foresight start.)
		(foresight done.)
		(sabre start.)
		(sabre done.)
		(foresight start.)
		(foresight done.)
		(sabre start.)
		(sabre done.)
		(foresight start.)
		(foresight done.)
		(sabre start.)
		(sabre done.)
		(foresight start.)
		(foresight done.)
		(sabre start.)
		(sabre done.)
		(foresight start.)
		(foresight done.)
		(sabre start.)
		(sabre done.)
		(foresight start.)
		(foresight done.)
		(sabre start.)
		(sabre done.)
		(foresight start.)
		(foresight done.)
		(sabre start.)
		(sabre done.)
		(foresight start.)
		(foresight done.)
		(sabre start.)
		(sabre done.)
		(foresight start.)
		(foresight done.)
		(sabre start.)
		(sabre done.)
		(foresight start.)
		(foresight done.)
		(A* start.)
		(A* done.)
	Original CNOTs: 3.000
	SABRE CNOTs: 3.000
	SABRE Depth: 7.000
	SABRE Time: 0.005
	ForeSight CNOTs: 3.000
	ForeSight Depth: 7.000
	ForeSight Time: 0.004
	SABRE TVD: 0.100
	ForeSight TVD: 0.084
	Relative TVD: 0.836
	A* CNOTs: 6.000
	A* Depth: 10.000
	A* Time: 0.009
	A* Memory: 2.446
---------------------------------------
Begin PBS Epilogue Tue Nov 16 13:23:55 EST 2021
Job ID:     3542686.sched-torque.pace.gatech.edu
User ID:    svittal8
Job name:   weber_noisy_sim
Resources:  nodes=2:ppn=8,mem=32gb,walltime=01:30:00,neednodes=2:ppn=8
Rsrc Used:  cput=00:18:33,vmem=4972224kb,walltime=00:01:37,mem=190856kb,energy_used=0
Queue:      inferno
Nodes:     
atl1-1-02-007-21-l.pace.gatech.edu
End PBS Epilogue Tue Nov 16 13:23:55 EST 2021
---------------------------------------
